2017,Thu Apr 27 10:13:14    [INFO] :  Running Command: expect -c 'spawn ssh -o UserKnownHostsFile=/dev/null -o StrictHostKeyChecking=no aime@slc03wnj /scratch/aime/work/CLOUDTOP/Middleware/Oracle_SDI1/sdictl/sdictl.sh register_tag -tagName rel13taruntag;
                   expect "password:" ;
                   send "Or@ClE\r";
                   send "exit\r";
                   interact'
2017,Thu Apr 27 10:13:22    [INFO] :  spawn ssh -o UserKnownHostsFile=/dev/null -o StrictHostKeyChecking=no aime@slc03wnj /scratch/aime/work/CLOUDTOP/Middleware/Oracle_SDI1/sdictl/sdictl.sh register_tag -tagName rel13taruntag
 Warning: Permanently added 'slc03wnj,10.245.144.212' (RSA) to the list of known hosts.
 aime@slc03wnj's password: 
 Connecting to the SDIControlService endpoint at http://slc03wnj.us.oracle.com:7301
 
 Successfully registered tag: rel13taruntag
 

2017,Thu Apr 27 10:13:22    [INFO] :  Running Command: expect -c 'spawn ssh -o UserKnownHostsFile=/dev/null -o StrictHostKeyChecking=no aime@slc03wnj /scratch/aime/work/CLOUDTOP/Middleware/Oracle_SDI1/sdictl/sdictl.sh lstcc;
                   expect "password:" ;
                   send "Or@ClE\r";
                   send "exit\r";
                   interact' | awk -F '|' '/slc05jll/ { if ($1 !~ /spawn/ && $1 !~ /aime/ && $1 !~ /Connect/ && $1 !~ /^---/ && $1 !~ /Found/ && $1 !~ /Request/) print "name::"$1",,isdefault::"$2",,dcshortname::"$3",,host::"$4",,port::"$5",,httpsport::"$6",,protocol::"$7",,jvmdport::"$8",,omsagentport::"$9",,omsuploadport::"$10" ,,fasaasuser::"$11" ,,fasaaspasswd::"$12",,monitoruser::"$13",,monitorpasswd::"$14",,javaassembly::"$14}'
2017,Thu Apr 27 10:13:31    [INFO] :  name:: slc05jll   ,,isdefault:: false      ,,dcshortname:: US1           ,,host:: slc05jll.us.oracle.com ,,port:: 7788 ,,httpsport:: 7799       ,,protocol:: HTTP     ,,jvmdport:: 3800      ,,omsagentport:: 3872           ,,omsuploadport:: 4889             ,,fasaasuser:: emcmon                   ,,fasaaspasswd:: *****                       ,,monitoruser:: em_svc_monitor  ,,monitorpasswd:: *****                    ,,javaassembly:: *****                    

2017,Thu Apr 27 10:13:31    [INFO] :  Running Command: expect -c 'spawn ssh -o UserKnownHostsFile=/dev/null -o StrictHostKeyChecking=no aime@slc03wnj /scratch/aime/work/CLOUDTOP/Middleware/Oracle_SDI1/sdictl/sdictl.sh addfadb -db_unique_name fadb -db_name fadb -port 1530 -host_name1 slc09mqv.us.oracle.com -sid1 fadb1 -db_service_name fadb -data_disc DATA -reco_disc RECO -is_asm true -asm_user sys -asm_password oracle -fa_database_type MAIN_DB -db_version  12.1.0.2.0 -host_name2 slc09mqu.us.oracle.com -sid2 fadb2 -cluster_host1 slc09mqz.us.oracle.com -cluster_host2 slc09mqy.us.oracle.com -cluster_name slc09mqt -crs_scan_name slc09mqt.us.oracle.com -crs_scan_port 1616 -crs_home /u01/app/12.1.0/grid -crs_ons_port 6200 -asm_sid1 +ASM1 -asm_sid2 +ASM2 -dg_preconfigured_listener_name LISTENER_DG -dg_preconfigured_listener_port 1521 -oracle_home /u01/app/oracle/product/12.1.0/dbhome_1 -application_listener_name LISTENER_fadb -oracle_base /u01/app/oracle -em_registration slc05jll;
                   expect "password:" ;
                   send "Or@ClE\r";
                   send "exit\r";
                   interact'
2017,Thu Apr 27 10:13:38    [INFO] :  spawn ssh -o UserKnownHostsFile=/dev/null -o StrictHostKeyChecking=no aime@slc03wnj /scratch/aime/work/CLOUDTOP/Middleware/Oracle_SDI1/sdictl/sdictl.sh addfadb -db_unique_name fadb -db_name fadb -port 1530 -host_name1 slc09mqv.us.oracle.com -sid1 fadb1 -db_service_name fadb -data_disc DATA -reco_disc RECO -is_asm true -asm_user sys -asm_password oracle -fa_database_type MAIN_DB -db_version 12.1.0.2.0 -host_name2 slc09mqu.us.oracle.com -sid2 fadb2 -cluster_host1 slc09mqz.us.oracle.com -cluster_host2 slc09mqy.us.oracle.com -cluster_name slc09mqt -crs_scan_name slc09mqt.us.oracle.com -crs_scan_port 1616 -crs_home /u01/app/12.1.0/grid -crs_ons_port 6200 -asm_sid1 +ASM1 -asm_sid2 +ASM2 -dg_preconfigured_listener_name LISTENER_DG -dg_preconfigured_listener_port 1521 -oracle_home /u01/app/oracle/product/12.1.0/dbhome_1 -application_listener_name LISTENER_fadb -oracle_base /u01/app/oracle -em_registration slc05jll
 Warning: Permanently added 'slc03wnj,10.245.144.212' (RSA) to the list of known hosts.
 aime@slc03wnj's password: 
 Connecting to the SDIControlService endpoint at http://slc03wnj.us.oracle.com:7301
 
 Added FA database with dbuniquename or dbname: fadb
 

2017,Thu Apr 27 10:13:38    [INFO] :  Running Command: expect -c 'spawn ssh -o UserKnownHostsFile=/dev/null -o StrictHostKeyChecking=no aime@slc03wnj /scratch/aime/work/CLOUDTOP/Middleware/Oracle_SDI1/sdictl/sdictl.sh addfadb -db_unique_name oiddb -db_name oiddb -port 1531 -host_name1 slc09mqv.us.oracle.com -sid1 oiddb1 -db_service_name oiddb -data_disc DATA -reco_disc RECO -is_asm true -asm_user sys -asm_password oracle -fa_database_type OID_DB -db_version  12.1.0.2.0 -host_name2 slc09mqu.us.oracle.com -sid2 oiddb2 -cluster_host1 slc09mqz.us.oracle.com -cluster_host2 slc09mqy.us.oracle.com -cluster_name slc09mqt -crs_scan_name slc09mqt.us.oracle.com -crs_scan_port 1616 -crs_home /u01/app/12.1.0/grid -crs_ons_port 6200 -asm_sid1 +ASM1 -asm_sid2 +ASM2 -dg_preconfigured_listener_name LISTENER_DG -dg_preconfigured_listener_port 1521 -oracle_home /u01/app/oracle/product/12.1.0/dbhome_1 -application_listener_name LISTENER_oiddb -oracle_base /u01/app/oracle;
                   expect "password:" ;
                   send "Or@ClE\r";
                   send "exit\r";
                   interact'
2017,Thu Apr 27 10:13:47    [INFO] :  spawn ssh -o UserKnownHostsFile=/dev/null -o StrictHostKeyChecking=no aime@slc03wnj /scratch/aime/work/CLOUDTOP/Middleware/Oracle_SDI1/sdictl/sdictl.sh addfadb -db_unique_name oiddb -db_name oiddb -port 1531 -host_name1 slc09mqv.us.oracle.com -sid1 oiddb1 -db_service_name oiddb -data_disc DATA -reco_disc RECO -is_asm true -asm_user sys -asm_password oracle -fa_database_type OID_DB -db_version 12.1.0.2.0 -host_name2 slc09mqu.us.oracle.com -sid2 oiddb2 -cluster_host1 slc09mqz.us.oracle.com -cluster_host2 slc09mqy.us.oracle.com -cluster_name slc09mqt -crs_scan_name slc09mqt.us.oracle.com -crs_scan_port 1616 -crs_home /u01/app/12.1.0/grid -crs_ons_port 6200 -asm_sid1 +ASM1 -asm_sid2 +ASM2 -dg_preconfigured_listener_name LISTENER_DG -dg_preconfigured_listener_port 1521 -oracle_home /u01/app/oracle/product/12.1.0/dbhome_1 -application_listener_name LISTENER_oiddb -oracle_base /u01/app/oracle
 Warning: Permanently added 'slc03wnj,10.245.144.212' (RSA) to the list of known hosts.
 aime@slc03wnj's password: 
 Connecting to the SDIControlService endpoint at http://slc03wnj.us.oracle.com:7301
 
 Added FA database with dbuniquename or dbname: oiddb
 

2017,Thu Apr 27 10:13:47    [INFO] :  Running Command: expect -c 'spawn ssh -o UserKnownHostsFile=/dev/null -o StrictHostKeyChecking=no aime@slc03wnj /scratch/aime/work/CLOUDTOP/Middleware/Oracle_SDI1/sdictl/sdictl.sh updatefadb -db_unique_name fadb -addtag rel13taruntag -addconstraint OPC_ORDER:+rel13taruntag -addconstraint OPC_RACK:+rel13taruntag;
                   expect "password:" ;
                   send "Or@ClE\r";
                   send "exit\r";
                   interact'
2017,Thu Apr 27 10:13:55    [INFO] :  spawn ssh -o UserKnownHostsFile=/dev/null -o StrictHostKeyChecking=no aime@slc03wnj /scratch/aime/work/CLOUDTOP/Middleware/Oracle_SDI1/sdictl/sdictl.sh updatefadb -db_unique_name fadb -addtag rel13taruntag -addconstraint OPC_ORDER:+rel13taruntag -addconstraint OPC_RACK:+rel13taruntag
 Warning: Permanently added 'slc03wnj,10.245.144.212' (RSA) to the list of known hosts.
 aime@slc03wnj's password: 
 Connecting to the SDIControlService endpoint at http://slc03wnj.us.oracle.com:7301
 
 Updated FA database :fadb
 Updated em_registration :[]
 Added tags: [rel13taruntag]
 Removed tags: []
 Added constraints: [OPC_ORDER:+rel13taruntag, OPC_RACK:+rel13taruntag]
 Removed constraints: []
 Updated DG pre-configured listener name :
 Updated DG pre-configured listener port: 
 Updated DB Cluster Target Override: 
 Updated Oracle Home: 
 Updated Secured Oracle Home: 
 Updated Oracle Base: 
 Updated application listener name: 
 Updated crs home: 
 Updated crs scan port: 
 Updated crs ons port: 
 Updated standby: 
 Updated DB Version: 
 Updated EM Target Name: 
 Updated crs scan name: 
 Updated asm password: 
 Removed service types: []
 Added service types: []
 Updated DB Name: 
 Updated port: 
 Updated hostname1: 
 Updated sid1: 
 Updated dbServiceName: 
 Updated dataDisc: 
 Updated recoDisc: 
 Updated asm: 
 Updated asmUser: 
 Updated hostname2: 
 Updated sid2: 
 Updated clusterHost1: 
 Updated clusterHost2: 
 Updated clusterName: 
 Updated asmSID1: 
 Updated asmSID2: 
 Updated force: 
 Updated saasSkuName: 
 Updated is_use_local_db_backup: 
 Updated db_backup_path: 
 Updated CompanionCDBName: 
 Updated CDB DeploymentType: 
 Updated Datacenter id: 
 

2017,Thu Apr 27 10:13:55    [INFO] :  Running Command: expect -c 'spawn ssh -o UserKnownHostsFile=/dev/null -o StrictHostKeyChecking=no aime@slc03wnj /scratch/aime/work/CLOUDTOP/Middleware/Oracle_SDI1/sdictl/sdictl.sh updatefadb -db_unique_name oiddb -addtag rel13taruntag -addconstraint OPC_ORDER:+rel13taruntag -addconstraint OPC_RACK:+rel13taruntag;
                   expect "password:" ;
                   send "Or@ClE\r";
                   send "exit\r";
                   interact'
2017,Thu Apr 27 10:14:3     [INFO] :  spawn ssh -o UserKnownHostsFile=/dev/null -o StrictHostKeyChecking=no aime@slc03wnj /scratch/aime/work/CLOUDTOP/Middleware/Oracle_SDI1/sdictl/sdictl.sh updatefadb -db_unique_name oiddb -addtag rel13taruntag -addconstraint OPC_ORDER:+rel13taruntag -addconstraint OPC_RACK:+rel13taruntag
 Warning: Permanently added 'slc03wnj,10.245.144.212' (RSA) to the list of known hosts.
 aime@slc03wnj's password: 
 Connecting to the SDIControlService endpoint at http://slc03wnj.us.oracle.com:7301
 
 Updated FA database :oiddb
 Updated em_registration :[]
 Added tags: [rel13taruntag]
 Removed tags: []
 Added constraints: [OPC_ORDER:+rel13taruntag, OPC_RACK:+rel13taruntag]
 Removed constraints: []
 Updated DG pre-configured listener name :
 Updated DG pre-configured listener port: 
 Updated DB Cluster Target Override: 
 Updated Oracle Home: 
 Updated Secured Oracle Home: 
 Updated Oracle Base: 
 Updated application listener name: 
 Updated crs home: 
 Updated crs scan port: 
 Updated crs ons port: 
 Updated standby: 
 Updated DB Version: 
 Updated EM Target Name: 
 Updated crs scan name: 
 Updated asm password: 
 Removed service types: []
 Added service types: []
 Updated DB Name: 
 Updated port: 
 Updated hostname1: 
 Updated sid1: 
 Updated dbServiceName: 
 Updated dataDisc: 
 Updated recoDisc: 
 Updated asm: 
 Updated asmUser: 
 Updated hostname2: 
 Updated sid2: 
 Updated clusterHost1: 
 Updated clusterHost2: 
 Updated clusterName: 
 Updated asmSID1: 
 Updated asmSID2: 
 Updated force: 
 Updated saasSkuName: 
 Updated is_use_local_db_backup: 
 Updated db_backup_path: 
 Updated CompanionCDBName: 
 Updated CDB DeploymentType: 
 Updated Datacenter id: 
 

2017,Thu Apr 27 10:14:3     [INFO] :  Running Command: expect -c 'spawn ssh -o UserKnownHostsFile=/dev/null -o StrictHostKeyChecking=no aime@slc03wnj /scratch/aime/work/CLOUDTOP/Middleware/Oracle_SDI1/sdictl/sdictl.sh addrack -id rel13tarunrack -frontend 255.255.248.0:10.245.136.1:10.245.138.10:10.245.138.11:10.245.138.12:10.245.138.13:10.245.138.14:10.245.138.15 -serverpool rel13tarunrack -type FA_GSI -prefLevel 100 -zfs zfs_29398615;
                   expect "password:" ;
                   send "Or@ClE\r";
                   send "exit\r";
                   interact'
2017,Thu Apr 27 10:14:12    [INFO] :  spawn ssh -o UserKnownHostsFile=/dev/null -o StrictHostKeyChecking=no aime@slc03wnj /scratch/aime/work/CLOUDTOP/Middleware/Oracle_SDI1/sdictl/sdictl.sh addrack -id rel13tarunrack -frontend 255.255.248.0:10.245.136.1:10.245.138.10:10.245.138.11:10.245.138.12:10.245.138.13:10.245.138.14:10.245.138.15 -serverpool rel13tarunrack -type FA_GSI -prefLevel 100 -zfs zfs_29398615
 Warning: Permanently added 'slc03wnj,10.245.144.212' (RSA) to the list of known hosts.
 aime@slc03wnj's password: 
 Connecting to the SDIControlService endpoint at http://slc03wnj.us.oracle.com:7301
 
 Added rack with rackId: rel13tarunrack
 
 

2017,Thu Apr 27 10:14:12    [INFO] :  Running Command: expect -c 'spawn ssh -o UserKnownHostsFile=/dev/null -o StrictHostKeyChecking=no aime@slc03wnj /scratch/aime/work/CLOUDTOP/Middleware/Oracle_SDI1/sdictl/sdictl.sh updaterack -id rel13tarunrack -addtag rel13taruntag -addconstraint OPC_ORDER:+rel13taruntag -addconstraint OPC_FADATABASE:+rel13taruntag;
                   expect "password:" ;
                   send "Or@ClE\r";
                   send "exit\r";
                   interact'
2017,Thu Apr 27 10:14:20    [INFO] :  spawn ssh -o UserKnownHostsFile=/dev/null -o StrictHostKeyChecking=no aime@slc03wnj /scratch/aime/work/CLOUDTOP/Middleware/Oracle_SDI1/sdictl/sdictl.sh updaterack -id rel13tarunrack -addtag rel13taruntag -addconstraint OPC_ORDER:+rel13taruntag -addconstraint OPC_FADATABASE:+rel13taruntag
 Warning: Permanently added 'slc03wnj,10.245.144.212' (RSA) to the list of known hosts.
 aime@slc03wnj's password: 
 Connecting to the SDIControlService endpoint at http://slc03wnj.us.oracle.com:7301
 
 Updated rack with rackId: rel13tarunrack
 Added tags: [rel13taruntag]
 Added constraints: [OPC_ORDER:+rel13taruntag, OPC_FADATABASE:+rel13taruntag]
 
 

2017,Thu Apr 27 10:14:20    [INFO] :  Running Command: expect -c 'spawn ssh -o UserKnownHostsFile=/dev/null -o StrictHostKeyChecking=no aime@slc03wnj /scratch/aime/work/CLOUDTOP/Middleware/Oracle_SDI1/sdictl/sdictl.sh addOVS -ovsId slcah779 -hostname slcah779.us.oracle.com -username ovmroot -password  welcome1 -rackId rel13tarunrack -seed_pool /OVS/seed_pool -running_pool /OVS/running_pool;
                   expect "password:" ;
                   send "Or@ClE\r";
                   send "exit\r";
                   interact'
2017,Thu Apr 27 10:14:28    [INFO] :  spawn ssh -o UserKnownHostsFile=/dev/null -o StrictHostKeyChecking=no aime@slc03wnj /scratch/aime/work/CLOUDTOP/Middleware/Oracle_SDI1/sdictl/sdictl.sh addOVS -ovsId slcah779 -hostname slcah779.us.oracle.com -username ovmroot -password welcome1 -rackId rel13tarunrack -seed_pool /OVS/seed_pool -running_pool /OVS/running_pool
 Warning: Permanently added 'slc03wnj,10.245.144.212' (RSA) to the list of known hosts.
 aime@slc03wnj's password: 
 Connecting to the SDIControlService endpoint at http://slc03wnj.us.oracle.com:7301
 
 Successfully added OVS with hostname: slcah779.us.oracle.com to Rack: rel13tarunrack
 

2017,Thu Apr 27 10:14:28    [INFO] :  Running Command: expect -c 'spawn ssh -o UserKnownHostsFile=/dev/null -o StrictHostKeyChecking=no aime@slc03wnj /scratch/aime/work/CLOUDTOP/Middleware/Oracle_SDI1/sdictl/sdictl.sh list_fa_templates;
                   expect "password:" ;
                   send "Or@ClE\r";
                   send "exit\r";
                   interact' | awk -F '|' '/REL13_ST2/ { if ($1 !~ /spawn/ && $1 !~ /aime/ && $1 !~ /Connect/ && $1 !~ /^---/ && $1 !~ /Found/ && $1 !~ /Request/) print "relver::"$1",,patchrelver::"$2",,relname::"$3",,patchbundle::"$4",,servicebundle::"$5",,langlist::"$6",,servicetype::"$7",,istrail::"$8",,template::"$9",,ispreferred::"$10}'
2017,Thu Apr 27 10:14:36    [INFO] :  relver:: 11.13.17.6.0    ,,patchrelver:: REL13_ST2               ,,relname:: REL13_ST2            ,,patchbundle:: ---          ,,servicebundle:: ---                   ,,langlist:: ---                     ,,servicetype:: FA_GSI       ,,istrail:: false    ,,template:: REL13_GSI_ST2          ,,ispreferred:: true         

2017,Thu Apr 27 10:14:36    [INFO] :  Running Command: expect -c 'spawn ssh -o UserKnownHostsFile=/dev/null -o StrictHostKeyChecking=no ovmroot@slcah779.us.oracle.com mkdir -p /OVS/seed_pool/REL13_GSI_ST2;
                   expect "password:" ;
                   send "welcome1\r";
                   send "exit\r";
                   interact'
2017,Thu Apr 27 10:14:38    [INFO] :  spawn ssh -o UserKnownHostsFile=/dev/null -o StrictHostKeyChecking=no ovmroot@slcah779.us.oracle.com mkdir -p /OVS/seed_pool/REL13_GSI_ST2
 Warning: Permanently added 'slcah779.us.oracle.com,10.245.136.56' (RSA) to the list of known hosts.
 ovmroot@slcah779.us.oracle.com's password: 

2017,Thu Apr 27 10:14:50    [INFO] :  Running Command: expect -c 'spawn ssh -o UserKnownHostsFile=/dev/null -o StrictHostKeyChecking=no ovmroot@slcah779.us.oracle.com /tmp/slcah779.us.oracle.com.script.31548.sh;
                   expect "password:" ;
                   send "welcome1\r";
                   send "exit\r";
                   interact'
2017,Thu Apr 27 10:14:53    [INFO] :  spawn ssh -o UserKnownHostsFile=/dev/null -o StrictHostKeyChecking=no ovmroot@slcah779.us.oracle.com /tmp/slcah779.us.oracle.com.script.31548.sh
 Warning: Permanently added 'slcah779.us.oracle.com,10.245.136.56' (RSA) to the list of known hosts.
 ovmroot@slcah779.us.oracle.com's password: 

2017,Thu Apr 27 10:14:53    [INFO] :  Running Command: expect -c 'spawn ssh -o UserKnownHostsFile=/dev/null -o StrictHostKeyChecking=no ovmroot@slcah779.us.oracle.com rm -rf /tmp/slcah779.us.oracle.com.script.31548.sh;
                   expect "password:" ;
                   send "welcome1\r";
                   send "exit\r";
                   interact'
2017,Thu Apr 27 10:14:55    [INFO] :  spawn ssh -o UserKnownHostsFile=/dev/null -o StrictHostKeyChecking=no ovmroot@slcah779.us.oracle.com rm -rf /tmp/slcah779.us.oracle.com.script.31548.sh
 Warning: Permanently added 'slcah779.us.oracle.com,10.245.136.56' (RSA) to the list of known hosts.
 ovmroot@slcah779.us.oracle.com's password: 

2017,Thu Apr 27 10:15:7     [INFO] :  Running Command: expect -c 'spawn ssh -o UserKnownHostsFile=/dev/null -o StrictHostKeyChecking=no aime@slc03wne /tmp/gsi_bundle.sh 6930 834 ERP NONE DEPLOY_TEST_INSTANCE_FALSE;
                   expect "password:" ;
                   send "Or@ClE\r";
                   send "exit\r";
                   interact'
2017,Thu Apr 27 10:15:10   [ERROR] :  spawn ssh -o UserKnownHostsFile=/dev/null -o StrictHostKeyChecking=no aime@slc03wne /tmp/gsi_bundle.sh 6930 834 ERP NONE DEPLOY_TEST_INSTANCE_FALSE
 Warning: Permanently added 'slc03wne,10.245.144.207' (RSA) to the list of known hosts.
 aime@slc03wne's password: 
 TERM environment variable not set.
  
 Submitting GSI bundle order .................
  
 @submit_bundle.sql 6930 834 ERP DEPLOY_TEST_INSTANCE_FALSE
 SP2-0310: unable to open file "submit_bundle.sql"
 End of Submit Bundle
 sed: can't read complete_bundle.sql: No such file or directory
  
 Completing the order .........................
  
 @comp.sql NONE ser6930834  

