*****************************************************
** Setting up SOA specific environment...
*****************************************************
EXTRA_JAVA_PROPERTIES= -da:org.apache.xmlbeans...
.
LD_LIBRARY_PATH=/scratch/aime/work/CLOUDTOP/Middleware/patch_wls1036/profiles/default/native:/scratch/aime/work/CLOUDTOP/Middleware/wlserver_10.3/server/native/linux/x86_64:/scratch/aime/work/CLOUDTOP/Middleware/wlserver_10.3/server/native/linux/x86_64/oci920_8:/scratch/aime/work/CLOUDTOP/Middleware/Oracle_SOA1/soa/thirdparty/edifecs/XEngine/bin
.
USER_MEM_ARGS=-Xms768m -Xmx1536m
.
*****************************************************
** End SOA specific environment setup
*****************************************************
.
.
JAVA Memory arguments: -Xms768m -Xmx1536m
.
WLS Start Mode=Development
.
CLASSPATH=/scratch/aime/work/CLOUDTOP/Middleware/oracle_common/modules/oracle.jdbc_11.1.1/ojdbc6dms.jar:/scratch/aime/work/CLOUDTOP/Middleware/Oracle_SOA1/soa/modules/user-patch.jar:/scratch/aime/work/CLOUDTOP/Middleware/Oracle_SOA1/soa/modules/soa-startup.jar:/scratch/aime/work/CLOUDTOP/Middleware/Oracle_Shared_IDM1/mtutils/jlib/idmmultitenancy.jar:/scratch/aime/work/CLOUDTOP/Middleware/Oracle_Shared_IDM1/mtutils/jlib/java-json.jar:/scratch/aime/work/CLOUDTOP/Middleware/Oracle_Shared_IDM1/mtutils/jlib/idmfatools.jar:/scratch/aime/work/CLOUDTOP/Middleware/Oracle_SDI1/jlib/javax.persistence_2.1.0.v201304241213.jar:/scratch/aime/work/CLOUDTOP/Middleware/Oracle_SDI1/jlib/eclipselink.jar:/scratch/aime/work/CLOUDTOP/Middleware/oracle_common/modules/oracle.ldap_11.1.1/ldifloadtool.jar:/scratch/aime/work/CLOUDTOP/Middleware/oracle_common/modules/oracle.pwdgen_11.1.1/pwdgen.jar:/scratch/aime/work/CLOUDTOP/Middleware/oracle_common/modules/args4j-2.0.9.jar::/scratch/aime/work/CLOUDTOP/Middleware/patch_wls1036/profiles/default/sys_manifest_classpath/weblogic_patch.jar:/scratch/aime/work/CLOUDTOP/Middleware/jrockit-jdk1.6.0_37/lib/tools.jar:/scratch/aime/work/CLOUDTOP/Middleware/wlserver_10.3/server/lib/weblogic_sp.jar:/scratch/aime/work/CLOUDTOP/Middleware/wlserver_10.3/server/lib/weblogic.jar:/scratch/aime/work/CLOUDTOP/Middleware/modules/features/weblogic.server.modules_10.3.6.0.jar:/scratch/aime/work/CLOUDTOP/Middleware/wlserver_10.3/server/lib/webservices.jar:/scratch/aime/work/CLOUDTOP/Middleware/modules/org.apache.ant_1.7.1/lib/ant-all.jar:/scratch/aime/work/CLOUDTOP/Middleware/modules/net.sf.antcontrib_1.1.0.0_1-0b2/lib/ant-contrib.jar:/scratch/aime/work/CLOUDTOP/Middleware/oracle_common/soa/modules/commons-cli-1.1.jar:/scratch/aime/work/CLOUDTOP/Middleware/oracle_common/soa/modules/oracle.soa.mgmt_11.1.1/soa-infra-mgmt.jar:/scratch/aime/work/CLOUDTOP/Middleware/Oracle_SOA1/soa/modules/oracle.soa.common.adapters_11.1.1/oracle.soa.common.adapters.jar:/scratch/aime/work/CLOUDTOP/Middleware/Oracle_SOA1/communications/modules/usermessaging-config_11.1.1.jar:/scratch/aime/work/CLOUDTOP/Middleware/oracle_common/modules/oracle.xdk_11.1.0/xsu12.jar:/scratch/aime/work/CLOUDTOP/Middleware/modules/features/weblogic.server.modules.xquery_10.3.1.0.jar:/scratch/aime/work/CLOUDTOP/Middleware/Oracle_SOA1/soa/modules/db2jcc4.jar:/scratch/aime/work/CLOUDTOP/Middleware/user_projects/domains/dc_domain/config/soa-infra:/scratch/aime/work/CLOUDTOP/Middleware/Oracle_SOA1/soa/modules/fabric-url-handler_11.1.1.jar:/scratch/aime/work/CLOUDTOP/Middleware/Oracle_SOA1/soa/modules/quartz-all-1.6.5.jar:/scratch/aime/work/CLOUDTOP/Middleware/Oracle_SOA1/soa/modules/oracle.soa.fabric_11.1.1/oracle.soa.fabric.jar:/scratch/aime/work/CLOUDTOP/Middleware/Oracle_SOA1/soa/modules/oracle.soa.fabric_11.1.1/fabric-runtime-ext-wls.jar:/scratch/aime/work/CLOUDTOP/Middleware/Oracle_SOA1/soa/modules/oracle.soa.adapter_11.1.1/oracle.soa.adapter.jar:/scratch/aime/work/CLOUDTOP/Middleware/Oracle_SOA1/soa/modules/oracle.soa.b2b_11.1.1/oracle.soa.b2b.jar:/scratch/aime/work/CLOUDTOP/Middleware/oracle_common/modules/oracle.jrf_11.1.1/jrf.jar:/scratch/aime/work/CLOUDTOP/Middleware/wlserver_10.3/common/derby/lib/derbyclient.jar:/scratch/aime/work/CLOUDTOP/Middleware/wlserver_10.3/server/lib/xqrl.jar
.
PATH=/scratch/aime/work/CLOUDTOP/Middleware/wlserver_10.3/server/bin:/scratch/aime/work/CLOUDTOP/Middleware/modules/org.apache.ant_1.7.1/bin:/scratch/aime/work/CLOUDTOP/Middleware/jrockit-jdk1.6.0_37/jre/bin:/scratch/aime/work/CLOUDTOP/Middleware/jrockit-jdk1.6.0_37/bin:/scratch/aime/work/CLOUDTOP/Middleware/user_projects/domains/dc_domain/bin:/scratch/aime/work/CLOUDTOP/Middleware/Oracle_SDI1/sdictl:/scratch/aime/work/CLOUDTOP/Middleware/user_projects/domains/dc_domain/bin:/scratch/aime/work/CLOUDTOP/Middleware/Oracle_SDI1/sdictl:.:/usr/local/packages/aime/6.0.0.0.0/sbin:/usr/local/packages/aime/6.0.0.0.0/bin:/scratch/aime/ifarm:/usr/lib64/qt-3.3/bin:/usr/kerberos/bin:/usr/local/bin:/bin:/usr/bin
.
***************************************************
*  To start WebLogic Server, use a username and   *
*  password assigned to an admin-level user.  For *
*  server administration, use the WebLogic Server *
*  console at http://hostname:port/console        *
***************************************************
starting weblogic with Java version:
java version "1.6.0_37"
Java(TM) SE RunStarting WLS with line:
/scratch/aime/work/CLOUDTOP/Middleware/jrockit-jdk1.6.0_37/bin/java -jrockit   -Xms768m -Xmx1536m -Dweblogic.Starting WLS with line:
/scratch/aime/work/CLOUDTOP/Middleware/jrockit-jdk1.6.0_37/bin/java -jrockit   -Xms768m -Xmx1536m -Dweblogic.Name=AdminServer -Djava.security.policy=/scratch/aime/work/CLOUDTOP/Middleware/wlserver_10.3/server/lib/weblogic.policy  -Xverify:none  -da -Dplatform.home=/scratch/aime/work/CLOUDTOP/Middleware/wlserver_10.3 -Dwls.home=/scratch/aime/work/CLOUDTOP/Middleware/wlserver_10.3/server -Dweblogic.home=/scratch/aime/work/CLOUDTOP/Middleware/wlserver_10.3/server  -Dcommon.components.home=/scratch/aime/work/CLOUDTOP/Middleware/oracle_common -Djrf.version=11.1.1 -Dorg.apache.commons.logging.Log=org.apache.commons.logging.impl.Jdk14Logger -Ddomain.home=/scratch/aime/work/CLOUDTOP/Middleware/user_projects/domains/dc_domain -Djrockit.optfile=/scratch/aime/work/CLOUDTOP/Middleware/oracle_common/modules/oracle.jrf_11.1.1/jrocket_optfile.txt -Doracle.server.config.dir=/scratch/aime/work/CLOUDTOP/Middleware/user_projects/domains/dc_domain/config/fmwconfig/servers/AdminServer -Doracle.domain.config.dir=/scratch/aime/work/CLOUDTOP/Middleware/user_projects/domains/dc_domain/config/fmwconfig  -Digf.arisidbeans.carmlloc=/scratch/aime/work/CLOUDTOP/Middleware/user_projects/domains/dc_domain/config/fmwconfig/carml  -Digf.arisidstack.home=/scratch/aime/work/CLOUDTOP/Middleware/user_projects/domains/dc_domain/config/fmwconfig/arisidprovider -Doracle.security.jps.config=/scratch/aime/work/CLOUDTOP/Middleware/user_projects/domains/dc_domain/config/fmwconfig/jps-config.xml -Doracle.deployed.app.dir=/scratch/aime/work/CLOUDTOP/Middleware/user_projects/domains/dc_domain/servers/AdminServer/tmp/_WL_user -Doracle.deployed.app.ext=/- -Dweblogic.alternateTypesDirectory=/scratch/aime/work/CLOUDTOP/Middleware/oracle_common/modules/oracle.ossoiap_11.1.1,/scratch/aime/work/CLOUDTOP/Middleware/oracle_common/modules/oracle.oamprovider_11.1.1,/scratch/aime/work/CLOUDTOP/Middleware/oracle_common/modules/oracle.jps_11.1.1 -Djava.protocol.handler.pkgs=oracle.mds.net.protocol|oracle.fabric.common.classloaderurl.handler|oracle.fabric.common.uddiurl.handler|oracle.bpm.io.fs.protocol  -Dweblogic.jdbc.remoteEnabled=false  -da:org.apache.xmlbeans... -Dsoa.archives.dir=/scratch/aime/work/CLOUDTOP/Middleware/Oracle_SOA1/soa -Dsoa.oracle.home=/scratch/aime/work/CLOUDTOP/Middleware/Oracle_SOA1 -Dsoa.instance.home=/scratch/aime/work/CLOUDTOP/Middleware/user_projects/domains/dc_domain -Dtangosol.coherence.clusteraddress=227.7.7.9 -Dtangosol.coherence.clusterport=9778 -Dtangosol.coherence.log=jdk -Djavax.xml.soap.MessageFactory=oracle.j2ee.ws.saaj.soap.MessageFactoryImpl -Dweblogic.transaction.blocking.commit=true -Dweblogic.transaction.blocking.rollback=true -Djavax.net.ssl.trustStore=/scratch/aime/work/CLOUDTOP/Middleware/wlserver_10.3/server/lib/DemoTrust.jks -Dums.oracle.home=/scratch/aime/work/CLOUDTOP/Middleware/Oracle_SOA1 -Dem.oracle.home=/scratch/aime/work/CLOUDTOP/Middleware/oracle_common -Djava.awt.headless=true -Dweblogic.management.discover=true  -Dwlw.iterativeDev= -Dwlw.testConsole= -Dwlw.logErrorsToConsole= [WARN ] Use of -Djrockit.optfile is deprecated and discouraged.
<Aug 2, 2017 9:08:11 AM UTC> <Info> <Security> <BEA-090905> <Disablin[WARN ] Use of -Djrockit.optfile is deprecated and discouraged.
<Aug 2, 2017 9:08:29 AM UTC> <Info> <Security> <BEA-090905> <Disabling CryptoJ JCE Provider self-integrity check for better startup performance. To enable this check, specify -Dweblogic.security.allowCryptoJDefaultJCEVerification=true> 
<Aug 2, 2017 9:08:29 AM UTC> <Info> <Security> <BEA-090906> <Changing the default Random Number Generator in RSA CryptoJ from ECDRBG to FIPS186PRNG. To disable this change, specify -Dweblogic.security.allowCryptoJDefaultPRNG=true> 
<Aug 2, 2017 9:08:29 AM UTC> <Info> <WebLogicServer> <BEA-000377> <Starting WebLogic Server with Oracle JRockit(R) Version R28.2.5-50-153520-1.6.0_37-20121220-0843-linux-x86_64 from Oracle Corporation> 
<Aug 2, 2017 9:08:29 AM UTC> <Info> <Management> <BEA-141107> <Version: WebLogic Server Temporary Patch for BUG14261891 Wed Sep 26 00:21:15 CDT 2012
WebLogic Server Temporary Patch for BUG13572968 Fri Jan 13 12:27:23 IST 2012
WebLogic Server Temporary Patch for BUG15865825 Sun Nov 18 22:05:45 CST 2012
WebLogic Server Temporary Patch for BUG14809365 Tue Jan 08 00:46:05 CST 2013
WebLogic Server Temporary Patch for BUG14763317 Wed Dec 26 16:32:10 IST 2012
WebLogic Server Temporary Patch for BUG16810704, 12972254, 15879401 Wed May 15 14:53:39 MDT 2013
WebLogic Server Temporary Patch for BUG16362974 Tue Feb 19 23:49:30 CST 2013
WebLogic Server Temporary Patch for BUG15917028 Tue Nov 27 13:54:55 IST 2012
WebLogic Server Temporary Patch for BUG14390070 Tue Jul 31 01:41:56 CDT 2012
WebLogic Server Temporary Patch for BUG16250408 Tue Feb 05 02:12:30 CST 2013
WebLogic Server Temporary Patch for BUG16180221 Wed Jun 05 12:46:15 MDT 2013
WebLogic Server Temporary Patch for BUG14595754 Wed Oct 03 10:10:13 CDT 2012
WebLogic Server Temporary Patch for BUG14390065 Tue Jul 31 01:57:13 CDT 2012
WebLogic Server Temporary Patch for BUG14482558 Fri Jan 11 11:20:16 IST 2013
WebLogic Server Temporary Patch for BUG16741136 Thu May 02 06:21:02 CDT 2013
WebLogic Server Temporary Patch for BUG16104758 Thu Jan 17 00:49:16 CST 2013
WebLogic Server Temporary Patch for BUG16358443 Thu Mar 14 22:50:09 MDT 2013 
WebLogic Server 10.3.6.0.3 PSU Patch for BUG14736139 Fri Nov 23 10:16:54 IST 2012
WebLogic Server Temporary Patch for BUG14742729 Tue Oct 30 06:33:25 CDT 2012
WebLogic Server Temporary Patch for BUG14182177 Fri Nov 23 04:04:58 CST 2012
WebLogic Server Temporary Patch for BUG14702608 Thu May 23 18:26:37 MDT 2013
WebLogic Server Temporary Patch for BUG16582503 Wed Apr 03 23:52:28 MDT 2013 
WebLogic Server Temporary Patch for BUG18298000 Wed Mar 19 09:59:08 IST 2014
WebLogic Server 10.3.6.0  Tue Nov 15 08:52:36 PST 2011 1441050 > 
<Aug 2, 2017 9:08:31 AM UTC> <Notice> <WebLogicServer> <BEA-000365> <Server state changed to STARTING> 
<Aug 2, 2017 9:08:31 AM UTC> <Info> <WorkManager> <BEA-002900> <Initializing self-tuning thread pool> 
<Aug 2, 2017 9:08:32 AM UTC> <Notice> <Log Management> <BEA-170019> <The server log file /scratch/aime/work/CLOUDTOP/Middleware/user_projects/domains/dc_domain/servers/AdminServer/logs/AdminServer.log is opened. All server side log events will be written to this file.> 
<Aug 2, 2017 9:08:43 AM UTC> <Notice> <Security> <BEA-090082> <Security initializing using security realm myrealm.> 
<Aug 2, 2017 9:08:48 AM UTC> <Notice> <WebLogicServer> <BEA-000365> <Serve<Aug 2, 2017 9:08:43 AM UTC> <Warning> <Security> <BEA-090668> <Ignored deployment of role "Admin" for resource "type=<url>, application=DMS Application#11.1.1.1.0, contextPath=/dms, uri=/"> 
<Aug 2, 2017 9:08:44 AM UTC> <Warning> <J2EE> <BEA-160195> <The application version lifecycle event listener oracle.security.jps.wls.listeners.JpsAppVersionLifecycleListener is ignored because the application em is not versioned.> 
<Aug 2, 2017 9:08:50 AM UTC> <Error> <org.apache.beehive.netui.pageflow.internal.AdapterManager> <BEA-000000> <ServletContainerAdapter manager not initialized correctly.> 
PostInstallConfigIntegration:oracle_ias_farm target auth registration is done.
<Aug 2, 2017 9:09:08 AM UTC> <Warning> <oracle.adfinternal.view.faces.partition.FeatureUtils> <ADF_FACES-30130> <Ignoring feature-dep<Aug 2, 2017 9:09:05 AM UTC> <Warning> <oracle.adfinternal.view.faces.partition.FeatureUtils> <ADF_FACES-30130> <Ignoring feature-dependency on feature "AdfDvtCommon".  No such feature exists.> 
<Aug 2, 2017 9:09:05 AM UTC> <War<Aug 2, 2017 9:09:17 AM UTC> <Notice> <Log Management> <BEA-170027> <The Server has established connection with the Domain level Diagnostic Service successfully.> 
<Aug 2, 2017 9:09:17 AM UTC> <Notice> <WebLogicServer> <BEA-000365> <Server state changed to ADMIN> 
<Aug 2, 2017 9:09:17 AM UTC> <Notice> <WebLogicServer> <BEA-000365> <Server state changed to RESUMING> 
<Aug 2, 2017 9:09:17 AM UTC> <Notice> <Security> <BEA-090171> <Loading the identity certificate and private key stored under the alias DemoIdentity from the jks keystore file /scratch/aime/work/CLOUDTOP/Middleware/wlserver_10.3/server/lib/DemoIdentity.jks.> 
<Aug 2, 2017 9:09:17 AM UTC> <Notice> <Security> <BEA-090169> <Loading trusted certificates from the jks keystore file /scratch/aime/work/CLOUDTOP/Middleware/wlserver_10.3/server/lib/DemoTrust.jks.> 
<Aug 2, 2017 9:09:17 AM UTC> <Notice> <Security> <BEA-090169> <Loading trusted certificates from the jks keystore file /scratch/aime/work/CLOUDTOP/Middleware/jrockit-jdk1.6.0_37/jre/lib/security/cacerts.> 
<Aug 2, 2017 9:09:17 AM UTC> <Alert> <Security> <BEA-090152> <Demo trusted CA certificate is being used in production mode: [
[
  Version: V3
  Subject: CN=CACERT, OU=FOR TESTING ONLY, O=MyOrganization, L=MyTown, ST=MyState, C=US
  Signature Algorithm: MD5withRSA, OID = 1.2.840.113549.1.1.4

  Key:  Sun RSA public key, 512 bits
  modulus: 9550192877869244258838480703390456015046425375252278279190673063544122510925482179963329236052146047356415957587628011282484772458983977898996276815440753
  public exponent: 65537
  Validity: [From: Thu Mar 21 20:12:27 UTC 2002,
               To: Tue Mar 22 20:12:27 UTC 2022]
  Issuer: CN=CACERT, OU=FOR TESTING ONLY, O=MyOrganization, L=MyTown, ST=MyState, C=US
  SerialNumber: [    33f10648 fcde0deb 4199921f d64537f4]

Certificate Extensions: 1
[1]: ObjectId: 2.5.29.15 Criticality=true
KeyUsage [
  Key_CertSign
]

]
  Algorithm: [MD5withRSA]
  Signature:
0000: 9D 26 4C 29 C8 91 C3 A7   06 C3 24 6F AE B4 F8 82  .&L)......$o....
0010: 80 4D AA CB 7C 79 46 84   81 C4 66 95 F4 1E D8 C4  .M...yF...f.....
0020: E9 B7 D9 7C E2 23 33 A4   B7 21 E0 AA 54 2B 4A FF  .....#3..!..T+J.
0030: CB 21 20 88 81 21 DB AC   90 54 D8 7D 79 63 23 3C  .! ..!...T..yc#<

] The system is vulnerable to security attacks, since it trusts certificates signed by the demo trusted CA.> 
<Aug 2, 2017 9:09:17 AM UTC> <Notice> <Security> <BEA-090898> <Ignoring the trusted CA certificate "1.2.840.113549.1.9.1=#161a646a6d75727261795f6f72675f7777406f7261636c652e636f6d,L=Bozeman,C=US,ST=Montana,OU=Development,O=RightNow,CN=RightNow Cloud Development Certificate Authority". The loading of the trusted certificate list raised a certificate parsing exception PKIX: Unsupported OID in the AlgorithmIdentifier object: 1.2.840.113549.1.1.11.> 
<Aug 2, 2017 9:09:17 AM UTC> <Notice> <Security> <BEA-090898> <Ignoring the trusted CA certificate "CN=*.us1.vfarm.oraclecorp.com,OU=Product Development Operations,O=Oracle Corporation,L=Redwood Shores,ST=California,C=US". The loading of the trusted certificate list raised a certificate parsing exception PKIX: Unsupported OID in the AlgorithmIdentifier object: 1.2.840.113549.1.1.11.> 
<Aug 2, 2017 9:09:17 AM UTC> <Notice> <Security> <BEA-090898> <Ignoring the trusted CA certificate "CN=Entrust Root Certification Authority - G2,OU=(c) 2009 Entrust\, Inc. - for authorized use only,OU=See www.entrust.net/legal-terms,O=Entrust\, Inc.,C=US". The loading of the trusted certificate list raised a certificate parsing exception PKIX: Unsupported OID in the AlgorithmIdentifier object: 1.2.840.113549.1.1.11.> 
<Aug 2, 2017 9:09:17 AM UTC> <Notice> <Security> <BEA-090898> <Ignoring the trusted CA certificate "CN=thawte Primary Root CA - G3,OU=(c) 2008 thawte\, Inc. - For authorized use only,OU=Certification Services Division,O=thawte\, Inc.,C=US". The loading of the trusted certificate list raised a certificate parsing exception PKIX: Unsupported OID in the AlgorithmIdentifier object: 1.2.840.113549.1.1.11.> 
<Aug 2, 2017 9:09:17 AM UTC> <Notice> <Security> <BEA-090898> <Ignoring the trusted CA certificate "CN=T-TeleSec GlobalRoot Class 3,OU=T-Systems Trust Center,O=T-Systems Enterprise Services GmbH,C=DE". The loading of the trusted certificate list raised a certificate parsing exception PKIX: Unsupported OID in the AlgorithmIdentifier object: 1.2.840.113549.1.1.11.> 
<Aug 2, 2017 9:09:17 AM UTC> <Notice> <Security> <BEA-090898> <Ignoring the trusted CA certificate "CN=T-TeleSec GlobalRoot Class 2,OU=T-Systems Trust Center,O=T-Systems Enterprise Services GmbH,C=DE". The loading of the trusted certificate list raised a certificate parsing exception PKIX: Unsupported OID in the AlgorithmIdentifier object: 1.2.840.113549.1.1.11.> 
<Aug 2, 2017 9:09:17 AM UTC> <Notice> <Security> <BEA-090898> <Ignoring the trusted CA certificate "CN=GlobalSign,O=GlobalSign,OU=GlobalSign Root CA - R3". The loading of the trusted certificate list raised a certificate parsing exception PKIX: Unsupported OID in the AlgorithmIdentifier object: 1.2.840.113549.1.1.11.> 
<Aug 2, 2017 9:09:17 AM UTC> <Notice> <Security> <BEA-090898> <Ignoring the trusted CA certificate "OU=Security Communication RootCA2,O=SECOM Trust Systems CO.\,LTD.,C=JP". The loading of the trusted certificate list raised a certificate parsing exception PKIX: Unsupported OID in the AlgorithmIdentifier object: 1.2.840.113549.1.1.11.> 
<Aug 2, 2017 9:09:17 AM UTC> <Notice> <Security> <BEA-090898> <Ignoring the trusted CA certificate "CN=VeriSign Universal Root Certification Authority,OU=(c) 2008 VeriSign\, Inc. - For authorized use only,OU=VeriSign Trust Network,O=VeriSign\, Inc.,C=US". The loading of the trusted certificate list raised a certificate parsing exception PKIX: Unsupported OID in the AlgorithmIdentifier object: 1.2.840.113549.1.1.11.> 
<Aug 2, 2017 9:09:17 AM UTC> <Notice> <Security> <BEA-090898> <Ignoring the trusted CA certificate "CN=KEYNECTIS ROOT CA,OU=ROOT,O=KEYNECTIS,C=FR". The loading of the trusted certificate list raised a certificate parsing exception PKIX: Unsupported OID in the AlgorithmIdentifier object: 1.2.840.113549.1.1.11.> 
<Aug 2, 2017 9:09:17 AM UTC> <Notice> <Security> <BEA-090898> <Ignoring the trusted CA certificate "CN=GeoTrust Primary Certification Authority - G3,OU=(c) 2008 GeoTrust Inc. - For authorized use only,O=GeoTrust Inc.,C=US". The loading of the trusted certificate list raised a certificate parsing exception PKIX: Unsupported OID in the AlgorithmIdentifier object: 1.2.840.113549.1.1.11.> 
<Aug 2, 2017 9:09:17 AM UTC> <Notice> <Server> <BEA-002613> <Channel "Default[1]" is now listening on 10.245.144.212:7001 for protocols iiop, t3, ldap, snmp, http.> 
<Aug 2, 2017 9:09:17 AM UTC> <Notice> <Server> <BEA-002613> <Channel "DefaultSecure[3]" is now listening on 127.0.0.1:7003 for protocols iiops, t3s, ldaps, https.> 
<Aug 2, 2017 9:09:17 AM UTC> <Notice> <Server> <BEA-002613> <Channel "DefaultSecure[4]" is now listening on 0:0:0:0:0:0:0:1:7003 for protocols iiops, t3s, ldaps, https.> 
<Aug 2, 2017 9:09:17 AM UTC> <Notice> <Server> <BEA-002613> <Channel "Default" is now listening on 2606:b400:2010:6855:216:3eff:fe49:e6b8:7001 for protocols iiop, t3, ldap, snmp, http.> 
<Aug 2, 2017 9:09:17 AM UTC> <Notice> <Server> <BEA-002613> <Channel "Default[2]" is now listening on fe80:0:0:0:216:3eff:fe49:e6b8:7001 for protocols iiop, t3, ldap, snmp, http.> 
<Aug 2, 2017 9:09:17 AM UTC> <Notice> <Server> <BEA-002613> <Channel "Default[3]" is now listening on 127.0.0.1:7001 for protocols iiop, t3, ldap, snmp, http.> 
<Aug 2, 2017 9:09:17 AM UTC> <Notice> <Server> <BEA-002613> <Channel "Default[4]" is now listening on 0:0:0:0:0:0:0:1:7001 for protocols iiop, t3, ldap, snmp, http.> 
<Aug 2, 2017 9:09:17 AM UTC> <Notice> <Server> <BEA-002613> <Channel "DefaultSecure" is now listening on 2606:b400:2010:6855:216:3eff:fe49:e6b8:7003 for protocols iiops, t3s, ldaps, https.> 
<Aug 2, 2017 9:09:<Aug 2, 2017 9:14:39 AM UTC> <Notice> <Security> <BEA-090898> <Ignoring the trusted CA certificate "CN=Entrust Root Certification Authority - G2,OU=(c) 2009 Entrust\, Inc. - for authorized use only,OU=See www.entrust.net/legal-terms,O=Entrust\, Inc.,C=US". The loading of the trusted certificate list raised a certificate parsing exception PKIX: Unsupported OID in the AlgorithmIdentifier object: 1.2.840.113549.1.1.11.> 
<Aug 2, 2017 9:14:39 AM UTC> <Notice> <Security> <BEA-090898> <Ignoring the trusted CA certificate "CN=thawte Primary Root CA - G3,OU=(c) 2008 thawte\, Inc. - For authorized use only,OU=Certification Services Division,O=thawte\, Inc.,C=US". The loading of the trusted certificate list raised a certificate parsing exception PKIX: Unsupported OID in the AlgorithmIdentifier object: 1.2.840.113549.1.1.11.> 
<Aug 2, 2017 9:14:39 AM UTC> <Notice> <Security> <BEA-090898> <Ignoring the trusted CA certificate "CN=T-TeleSec GlobalRoot Class 3,OU=T-Systems Trust Center,O=T-Systems Enterprise Services GmbH,C=DE". The loading of the trusted certificate list raised a certificate parsing exception PKIX: Unsupported OID in the AlgorithmIdentifier object: 1.2.840.113549.1.1.11.> 
<Aug 2, 2017 9:14:39 AM UTC> <Notice> <Security> <BEA-090898> <Ignoring the trusted CA certificate "CN=T-TeleSec GlobalRoot Class 2,OU=T-Systems Trust Center,O=T-Systems Enterprise Services GmbH,C=DE". The loading of the trusted certificate list raised a certificate parsing exception PKIX: Unsupported OID in the AlgorithmIdentifier object: 1.2.840.113549.1.1.11.> 
<Aug 2, 2017 9:14:39 AM UTC> <Notice> <Security> <BEA-090898> <Ignoring the trusted CA certificate "CN=GlobalSign,O=GlobalSign,OU=GlobalSign Root CA - R3". The loading of the trusted certificate list raised a certificate parsing exception PKIX: Unsupported OID in the AlgorithmIdentifier object: 1.2.840.113549.1.1.11.> 
<Aug 2, 2017 9:14:39 AM UTC> <Notice> <Security> <BEA-090898> <Ignoring the trusted CA certificate "OU=Security Communication RootCA2,O=SECOM Trust Systems CO.\,LTD.,C=JP". The loading of the trusted certificate list raised a certificate parsing exception PKIX: Unsupported OID in the AlgorithmIdentifier object: 1.2.840.113549.1.1.11.> 
<Aug 2, 2017 9:14:39 AM UTC> <Notice> <Security> <BEA-090898> <Ignoring the trusted CA certificate "CN=VeriSign Universal Root Certification Authority,OU=(c) 2008 VeriSign\, Inc. - For authorized use only,OU=VeriSign Trust Network,O=VeriSign\, Inc.,C=US". The loading of the trusted certificate list raised a certificate parsing exception PKIX: Unsupported OID in the AlgorithmIdentifier object: 1.2.840.113549.1.1.11.> 
<Aug 2, 2017 9:14:39 AM UTC> <Notice> <Security> <BEA-090898> <Ignoring the <Aug 3, 2017 5:15:19 AM UTC> <Notice> <LoggingService> <BEA-320400> <The log file /scratch/aime/work/CLOUDTOP/Middleware/user_projects/domains/dc_domain/servers/AdminServer/logs/dc_domain.log will be rotated. Reopen the log file if tailing has stopped. This can happen on some platforms like Windows.> 
<Aug 3, 2017 5:15:19 AM UTC> <Notice> <LoggingService> <BEA-320401> <The log file has been rotated to /scratch/aime/work/CLOUDTOP/Middleware/user_projects/domains/dc_domain/servers/AdminServer/logs/dc_domain.log00436. Log messages will conti<Aug 11, 2017 11:55:47 AM UTC> <Notice> <LoggingService> <BEA-320400> <The log file /scratch/aime/work/CLOUDTOP/Middleware/user_projects/domains/dc_domain/servers/AdminServer/logs/dc_domain.log will be rotated. Reopen the log file if tailing has stopped. This can happen on some platforms like Windows.> 
<Aug 11, 2017 11:55:47 AM UTC> <Notice> <LoggingService> <BEA-320401> <The log file has been rotated to /scratch/aime/work/CLOUDTOP/Middleware/user_projects/domains/dc_domain/servers/AdminServer/logs/dc_domain.log00314. Log messages will continue to be logged in /scratch/aime/work/CLOUDTOP/Middleware/user_projects/domains/dc_domain/servers/AdminServer/logs/dc_domain.log.> 
<Aug 17, 2017 7:56:53 PM UTC> <Notice> <LoggingService> <BEA-320400> <The log file /scratch/aime/work/CLOUDTOP/Middleware/user_projects/domains/dc_domain/servers/AdminServer/logs/dc_domain.log will be rotated. Reopen the log file if tailing has stopped. This can happen on some platforms like Windows.> 
<Aug 17, 2017 7:56:53 PM UTC> <Notice> <LoggingService> <BEA-320401> <The log file has been rotated to /scratch/aime/work/CLOUDTOP/Middleware/user_projects/domains/dc_domain/servers/AdminServer/logs/dc_domain.log00315. Log messages will continue to be logged in /scratch/aime/work/CLOUDTOP/Middleware/user_projects/domains/dc_domain/servers/AdminServer/logs/dc_domain.log.> 
<Aug 20, 2017 5:43:59 PM UTC> <Alert> <WebLogicServer> <BEA-000396> <Server shutdown has been requested by weblogic> 
<Aug 20, 2017 5:43:59 PM UTC> <Notice> <WebLogicServer> <BEA-000365> <Server state changed to FORCE_SUSPENDING> 
<Aug 20, 2017 5:43:59 PM UTC> <Notice> <WebLogicServer> <BEA-000365> <Server state changed to ADMIN> 
<Aug 20, 2017 5:43:59 PM UTC> <Notice> <WebLogicServer> <BEA-000365> <Server state changed to FORCE_SHUTTING_DOWN> 
<Aug 20, 2017 5:43:59 PM UTC> <Notice> <Server> <BEA-002607> <Channel "Default[4]" listening on 0:0:0:0:0:0:0:1:7001 was shutdown.> 
<Aug 20, 2017 5:43:59 PM UTC> <Notice> <Server> <BEA-002607> <Channel "Default[3]" listening on 127.0.0.1:7001 was shutdown.> 
<Aug 20, 2017 5:43:59 PM UTC> <Notice> <Server> <BEA-002607> <Channel "DefaultSecure[2]" listening on fe80:0:0:0:216:3eff:fe56:e541:7003 was shutdown.> 
<Aug 20, 2017 5:43:59 PM UTC> <Notice> <Server> <BEA-002607> <Channel "DefaultSecure" listening on 2606:b400:2010:4044:216:3eff:fe56:e541:7003 was shutdown.> 
<Aug 20, 2017 5:43:59 PM UTC> <Notice> <Server> <BEA-002607> <Channel "DefaultSecure[1]" listening on 10.240.33.48:7003 was shutdown.> 
<Aug 20, 2017 5:43:59 PM UTC> <Notice> <Server> <BEA-002607> <Channel "DefaultSecure[3]" listening on 127.0.0.1:7003 was shutdown.> 
<Aug 20, 2017 5:43:59 PM UTC> <Notice> <Server> <BEA-002607> <Channel "DefaultSecure[4]" listening on 0:0:0:0:0:0:0:1:7003 was shutdown.> 
<Aug 20, 2017 5:43:59 PM UTC> <Notice> <Server> <BEA-002607> <Channel "Default" listening on 2606:b400:2010:4044:216:3eff:fe56:e541:7001 was shutdown.> 
<Aug 20, 2017 5:43:59 PM UTC> <Notice> <Server> <BEA-002607> <Channel "Default[1]" listening on 10.240.33.48:7001 was shutdown.> 
<Aug 20, 2017 5:43:59 PM UTC> <Notice> <Server> <BEA-002607> <Channel "Default[2]" listening on fe80:0:0:0:216:3eff:fe56:e541:7001 was shutdown.> 
re[1]" listening on 10.245.145.43:7003 was shutdown.> 
<Aug 11, 2017 5:30:55 AM UTC> <Notice> <Server> <BEA-002607> <Channel "DefaultSecure[3]" listening on 127.0.0.1:7003 was shutdown.> 
<Aug 11, 2017 5:30:55 AM UTC> <Notice> <Server> <BEA-002607> <Channel "Default[2]" listening on fe80:0:0:0:216:3eff:fe59:ec14:7001 was shutdown.> 
<Aug 11, 2017 5:30:55 AM UTC> <Notice> <Server> <BEA-002607> <Channel "DefaultSecure" listening on 2606:b400:2010:6855:216:3eff:fe59:ec14:7003 was shutdown.> 
<Aug 11, 2017 5:30:55 AM UTC> <Notice> <Server> <BEA-002607> <Channel "Default" listening on 2606:b400:2010:6855:216:3eff:fe59:ec14:7001 was shutdown.> 
<Aug 11, 2017 5:30:55 AM UTC> <Notice> <Server> <BEA-002607> <Channel "DefaultSecure[4]" listening on 0:0:0:0:0:0:0:1:7003 was shutdown.> 
<Aug 11, 2017 5:30:55 AM UTC> <Notice> <Server> <BEA-002607> <Channel "Default[4]" listening on 0:0:0:0:0:0:0:1:7001 was shutdown.> 
<Aug 11, 2017 5:30:55 AM UTC> <Notice> <Server> <BEA-002607> <Channel "DefaultSecure[2]" listening on fe80:0:0:0:216:3eff:fe59:ec14:7003 was shutdown.> 
hread.java:256)
	at weblogic.work.ExecuteThread.run(ExecuteThread.java:221)
Caused by: java.lang.IllegalStateException: ClassLoader "default.composite.update.soa_900356e9-d1bc-4ad7-9c25-cfead083dcc8:0.0" (from Application component in user-defined-origin): This loader has been closed and should not be in use.
	at oracle.classloader.util.ClassLoadAsserts.fail(ClassLoadAsserts.java:154)
	at oracle.classloader.PolicyClassLoader.checkState(PolicyClassLoader.java:2106)
	at oracle.classloader.PolicyClassLoader.internalLoadClass(PolicyClassLoader.java:1713)
	at oracle.classloader.PolicyClassLoader.loadClass(PolicyClassLoader.java:1689)
	at java.lang.ClassLoader.loadClass(ClassLoader.java:295)
	at java.lang.ClassLoader.loadClass(ClassLoader.java:247)
	at weblogic.utils.classloaders.GenericClassLoader.loadClass(GenericClassLoader.java:179)
	at java.lang.Class.forName(Class.java:247)
	at weblogic.rmi.utils.WLRMIClassLoaderDelegate.loadClass(WLRMIClassLoaderDelegate.java:204)
	at weblogic.rmi.utils.WLRMIClassLoaderDelegate.loadClass(WLRMIClassLoaderDelegate.java:135)
	at weblogic.rmi.utils.Utilities.loadClass(Utilities.java:305)
	at weblogic.rjvm.MsgAbbrevInputStream.resolveClass(MsgAbbrevInputStream.java:440)
	at weblogic.utils.io.ChunkedObjectInputStream$NestedObjectInputStream.resolveClass(ChunkedObjectInputStream.java:268)
	at java.io.ObjectInputStream.readNonProxyDesc(ObjectInputStream.java:1574)
	at java.io.ObjectInputStream.readObject(ObjectInputStream.java:350)
	at weblogic.rjvm.MsgAbbrevInputStream.readExtendedContexts(MsgAbbrevInputStream.java:261)
	at weblogic.rjvm.MsgAbbrevInputStream.retrieveThreadLocalContext(MsgAbbrevInputStream.java:402)
	at weblogic.rmi.internal.BasicServerRef.preInvoke(BasicServerRef.java:563)
	at weblogic.rmi.internal.wls.WLSExecuteRequest.run(WLSExecuteRequest.java:118)
	... 2 more
> 
<Aug 9, 2017 10:09:12 AM UTC> <Warning> <Socket> <BEA-000449> <Closing socket as no data read from it on 10.176.183.41:61,991 during the configured idle timeout of 5 secs> 
<Aug 9, 2017 10:10:42 AM UTC> <Warning> <Socket> <BEA-000449> <Closing socket as no data read from it on 10.176.183.41:62,102 during the configured idle timeout of 5 secs> 
<Aug 9, 2017 10:10:43 AM UTC> <Alert> <WebLogicServer> <BEA-000396> <Server shutdown has been requested by <WLS Kernel>> 
<Aug 9, 2017 10:10:43 AM UTC> <Notice> <WebLogicServer> <BEA-000365> <Server state changed to FORCE_SUSPENDING> 
<Aug 9, 2017 10:10:43 AM UTC> <Notice> <WebLogicServer> <BEA-000365> <Server state changed to ADMIN> 
<Aug 9, 2017 10:10:43 AM UTC> <Notice> <WebLogicServer> <BEA-000365> <Server state changed to FORCE_SHUTTING_DOWN> 
<Aug 9, 2017 10:10:43 AM UTC> <Notice> <Server> <BEA-002607> <Channel "Default[4]" listening on 0:0:0:0:0:0:0:1:7001 was shutdown.> 
<Aug 9, 2017 10:10:43 AM UTC> <Notice> <Server> <BEA-002607> <Channel "DefaultSecure[3]" listening on 127.0.0.1:7003 was shutdown.> 
<Aug 9, 2017 10:10:43 AM UTC> <Notice> <Server> <BEA-002607> <Channel "Default[1]" listening on 10.245.144.157:7001 was shutdown.> 
<Aug 9, 2017 10:10:43 AM UTC> <Notice> <Server> <BEA-002607> <Channel "Default[3]" listening on 127.0.0.1:7001 was shutdown.> 
<Aug 9, 2017 10:10:43 AM UTC> <Notice> <Server> <BEA-002607> <Channel "DefaultSecure[2]" listening on fe80:0:0:0:216:3eff:fe3e:1eac:7003 was shutdown.> 
<Aug 9, 2017 10:10:43 AM UTC> <Notice> <Server> <BEA-002607> <Channel "DefaultSecure" listening on 2606:b400:2010:6855:216:3eff:fe3e:1eac:7003 was shutdown.> 
<Aug 9, 2017 10:10:43 AM UTC> <Notice> <Server> <BEA-002607> <Channel "DefaultSecure[1]" listening on 10.245.144.157:7003 was shutdown.> 
<Aug 9, 2017 10:10:43 AM UTC> <Notice> <Server> <BEA-002607> <Channel "Default" listening on 2606:b400:2010:6855:216:3eff:fe3e:1eac:7001 was shutdown.> 
<Aug 9, 2017 10:10:43 AM UTC> <Notice> <Server> <BEA-002607> <Channel "DefaultSecure[4]" listening on 0:0:0:0:0:0:0:1:7003 was shutdown.> 
<Aug 9, 2017 10:10:43 AM UTC> <Notice> <Server> <BEA-002607> <Channel "Default[2]" listening on fe80:0:0:0:216:3eff:fe3e:1eac:7001 was shutdown.> 
hChanges is restricted to that framework. This call does not use that transaction key and although working now, will fail with an exception in future. To find the originator of the call, set the log level for logger "oracle.mds.transkey" to FINEST. Note that the ADF framework manages the MDS session created for the request so an explicit call to flushChanges should be removed.> 
<Aug 2, 2017 2:36:34 PM UTC> <Warning> <oracle.mds> <BEA-000000> <The MDS session was created by the ADF framework with a transaction key for its "single flush" feature, and the call to flushChanges is restricted to that framework. This call does not use that transaction key and although working now, will fail with an exception in future. To find the originator of the call, set the log level for logger "oracle.mds.transkey" to FINEST. Note that the ADF framework manages the MDS session created for the request so an explicit call to flushChanges should be removed.> 
<Aug 2, 2017 2:36:35 PM UTC> <Warning> <oracle.mds> <BEA-000000> <The MDS session was created by the ADF framework with a transaction key for its "single flush" feature, and the call to flushChanges is restricted to that framework. This call does not use that transaction key and although working now, will fail with an exception in future. To find the originator of the call, set the log level for logger "oracle.mds.transkey" to FINEST. Note that the ADF framework manages the MDS session created for the request so an explicit call to flushChanges should be removed.> 
<Aug 2, 2017 2:36:51 PM UTC> <Warning> <oracle.mds> <BEA-000000> <The MDS session was created by the ADF framework with a transaction key for its "single flush" feature, and the call to flushChanges is restricted to that framework. This call does not use that transaction key and although working now, will fail with an exception in future. To find the originator of the call, set the log level for logger "oracle.mds.transkey" to FINEST. Note that the ADF framework manages the MDS session created for the request so an explicit call to flushChanges should be removed.> 
<Aug 2, 2017 2:37:41 PM UTC> <Warning> <JMX> <BEA-149504> <The adminstration server was unable to establish JMX Connectivity with the tra_server at the JMX Service URL of service:jmx:t3://slc03wel.us.oracle.com:7122/jndi/weblogic.management.mbeanservers.runtime.> 
<Aug 2, 2017 2:44:57 PM UTC> <Warning> <oracle.mds> <BEA-000000> <The MDS session was created by the ADF framework with a transaction key for its "single flush" feature, and the call to flushChanges is restricted to that framework. This call does not use that transaction key and although working now, will fail with an exception in future. To find the originator of the call, set the log level for logger "oracle.mds.transkey" to FINEST. Note that the ADF framework manages the MDS session created for the request so an explicit call to flushChanges should be removed.> 
<Aug 2, 2017 2:44:57 PM UTC> <Warning> <oracle.mds> <BEA-000000> <The MDS session was created by the ADF framework with a transaction key for its "single flush" feature, and the call to flushChanges is restricted to that framework. This call does not use that transaction key and although working now, will fail with an exception in future. To find the originator of the call, set the log level for logger "oracle.mds.transkey" to FINEST. Note that the ADF framework manages the MDS session created for the request so an explicit call to flushChanges should be removed.> 
<Aug 2, 2017 2:45:06 PM UTC> <Warning> <oracle.mds> <BEA-000000> <The MDS session was created by the ADF framework with a transaction key for its "single flush" feature, and the call to flushChanges is restricted to that framework. This call does not use that transaction key and although working now, will fail with an exception in future. To find the originator of the call, set the log level for logger "oracle.mds.transkey" to FINEST. Note that the ADF framework manages the MDS session created for the request so an explicit call to flushChanges should be removed.> 
<Aug 2, 2017 2:45:07 PM UTC> <Warning> <oracle.mds> <BEA-000000> <The MDS session was created by the ADF framework with a transaction key for its "single flush" feature, and the call to flushChanges is restricted to that framework. This call does not use that transaction key and although working now, will fail with an exception in future. To find the originator of the call, set the log level for logger "oracle.mds.transkey" to FINEST. Note that the ADF framework manages the MDS session created for the request so an explicit call to flushChanges should be removed.> 
<Aug 2, 2017 2:45:15 PM UTC> <Warning> <J2EE> <BEA-160218> <Filtering class loader configuration ignored for module tas-rest-datacenter.war of application tas-rest-datacenter.ear> 
<Aug 2, 2017 2:45:15 PM UTC> <Warning> <J2EE> <BEA-160218> <Filtering class loader configuration ignored for module tas-rest-mbeanapi.war of application tas-rest-datacenter.ear> 
<Aug 2, 2017 2:45:17 PM UTC> <Warning> <oracle.mds> <BEA-000000> <The MDS session was created by the ADF framework with a transaction key for its "single flush" feature, and the call to flushChanges is restricted to that framework. This call does not use that transaction key and although working now, will fail with an exception in future. To find the originator of the call, set the log level for logger "oracle.mds.transkey" to FINEST. Note that the ADF framework manages the MDS session created for the request so an explicit call to flushChanges should be removed.> 
<Aug 2, 2017 2:45:19 PM UTC> <Warning> <oracle.mds> <BEA-000000> <The MDS session was created by the ADF framework with a transaction key for its "single flush" feature, and the call to flushChanges is restricted to that framework. This call does not use that transaction key and although working now, will fail with an exception in future. To find the originator of the call, set the log level for logger "oracle.mds.transkey" to FINEST. Note that the ADF framework manages the MDS session created for the request so an explicit call to flushChanges should be removed.> 
<Aug 2, 2017 2:45:28 PM UTC> <Warning> <oracle.mds> <BEA-000000> <The MDS session was created by the ADF framework with a transaction key for its "single flush" feature, and the call to flushChanges is restricted to that framework. This call does not use that transaction key and although working now, will fail with an exception in future. To find the originator of the call, set the log level for logger "oracle.mds.transkey" to FINEST. Note that the ADF framework manages the MDS session created for the request so an explicit call to flushChanges should be removed.> 
<Aug 2, 2017 2:45:32 PM UTC> <Warning> <oracle.mds> <BEA-000000> <The MDS session was created by the ADF framework with a transaction key for its "single flush" feature, and the call to flushChanges is restricted to that framework. This call does not use that transaction key and although working now, will fail with an exception in future. To find the originator of the call, set the log level for logger "oracle.mds.transkey" to FINEST. Note that the ADF framework manages the MDS session created for the request so an explicit call to flushChanges should be removed.> 
<Aug 2, 2017 2:45:35 PM UTC> <Warning> <oracle.mds> <BEA-000000> <The MDS session was created by the ADF framework with a transaction key for its "single flush" feature, and the call to flushChanges is restricted to that framework. This call does not use that transaction key and although working now, will fail with an exception in future. To find the originator of the call, set the log level for logger "oracle.mds.transkey" to FINEST. Note that the ADF framework manages the MDS session created for the request so an explicit call to flushChanges should be removed.> 
<Aug 2, 2017 2:45:42 PM UTC> <Warning> <oracle.mds> <BEA-000000> <The MDS session was created by the ADF framework with a transaction key for its "single flush" feature, and the call to flushChanges is restricted to that framework. This call does not use that transaction key and although working now, will fail with an exception in future. To find the originator of the call, set the log level for logger "oracle.mds.transkey" to FINEST. Note that the ADF framework manages the MDS session created for the request so an explicit call to flushChanges should be removed.> 
<Aug 2, 2017 2:45:43 PM UTC> <Warning> <oracle.mds> <BEA-000000> <The MDS session was created by the ADF framework with a transaction key for its "single flush" feature, and the call to flushChanges is restricted to that framework. This call does not use that transaction key and although working now, will fail with an exception in future. To find the originator of the call, set the log level for logger "oracle.mds.transkey" to FINEST. Note that the ADF framework manages the MDS session created for the request so an explicit call to flushChanges should be removed.> 
<Aug 2, 2017 2:45:58 PM UTC> <Warning> <oracle.mds> <BEA-000000> <The MDS session was created by the ADF framework with a transaction key for its "single flush" feature, and the call to flushChanges is restricted to that framework. This call does not use that transaction key and although working now, will fail with an exception in future. To find the originator of the call, set the log level for logger "oracle.mds.transkey" to FINEST. Note that the ADF framework manages the MDS session created for the request so an explicit call to flushChanges should be removed.> 
<Aug 2, 2017 2:45:58 PM UTC> <Warning> <oracle.mds> <BEA-000000> <The MDS session was created by the ADF framework with a transaction key for its "single flush" feature, and the call to flushChanges is restricted to that framework. This call does not use that transaction key and although working now, will fail with an exception in future. To find the originator of the call, set the log level for logger "oracle.mds.transkey" to FINEST. Note that the ADF framework manages the MDS session created for the request so an explicit call to flushChanges should be removed.> 
<Aug 2, 2017 2:46:13 PM UTC> <Warning> <oracle.mds> <BEA-000000> <The MDS session was created by the ADF framework with a transaction key for its "single flush" feature, and the call to flushChanges is restricted to that framework. This call does not use that transaction key and although working now, will fail with an exception in future. To find the originator of the call, set the log level for logger "oracle.mds.transkey" to FINEST. Note that the ADF framework manages the MDS session created for the request so an explicit call to flushChanges should be removed.> 
<Aug 2, 2017 2:46:13 PM UTC> <Warning> <oracle.mds> <BEA-000000> <The MDS session was created by the ADF framework with a transaction key for its "single flush" feature, and the call to flushChanges is restricted to that framework. This call does not use that transaction key and although working now, will fail with an exception in future. To find the originator of the call, set the log level for logger "oracle.mds.transkey" to FINEST. Note that the ADF framework manages the MDS session created for the request so an explicit call to flushChanges should be removed.> 
<Aug 2, 2017 2:46:28 PM UTC> <Warning> <oracle.mds> <BEA-000000> <The MDS session was created by the ADF framework with a transaction key for its "single flush" feature, and the call to flushChanges is restricted to that framework. This call does not use that transaction key and although working now, will fail with an exception in future. To find the originator of the call, set the log level for logger "oracle.mds.transkey" to FINEST. Note that the ADF framework manages the MDS session created for the request so an explicit call to flushChanges should be removed.> 
<Aug 2, 2017 2:46:28 PM UTC> <Warning> <oracle.mds> <BEA-000000> <The MDS session was created by the ADF framework with a transaction key for its "single flush" feature, and the call to flushChanges is restricted to that framework. This call does not use that transaction key and although working now, will fail with an exception in future. To find the originator of the call, set the log level for logger "oracle.mds.transkey" to FINEST. Note that the ADF framework manages the MDS session created for the request so an explicit call to flushChanges should be removed.> 
<Aug 2, 2017 2:46:43 PM UTC> <Warning> <oracle.mds> <BEA-000000> <The MDS session was created by the ADF framework with a transaction key for its "single flush" feature, and the call to flushChanges is restricted to that framework. This call does not use that transaction key and although working now, will fail with an exception in future. To find the originator of the call, set the log level for logger "oracle.mds.transkey" to FINEST. Note that the ADF framework manages the MDS session created for the request so an explicit call to flushChanges should be removed.> 
<Aug 2, 2017 2:46:43 PM UTC> <Warning> <oracle.mds> <BEA-000000> <The MDS session was created by the ADF framework with a transaction key for its "single flush" feature, and the call to flushChanges is restricted to that framework. This call does not use that transaction key and although working now, will fail with an exception in future. To find the originator of the call, set the log level for logger "oracle.mds.transkey" to FINEST. Note that the ADF framework manages the MDS session created for the request so an explicit call to flushChanges should be removed.> 
<Aug 2, 2017 2:46:58 PM UTC> <Warning> <oracle.mds> <BEA-000000> <The MDS session was created by the ADF framework with a transaction key for its "single flush" feature, and the call to flushChanges is restricted to that framework. This call does not use that transaction key and although working now, will fail with an exception in future. To find the originator of the call, set the log level for logger "oracle.mds.transkey" to FINEST. Note that the ADF framework manages the MDS session created for the request so an explicit call to flushChanges should be removed.> 
<Aug 2, 2017 2:46:58 PM UTC> <Warning> <oracle.mds> <BEA-000000> <The MDS session was created by the ADF framework with a transaction key for its "single flush" feature, and the call to flushChanges is restricted to that framework. This call does not use that transaction key and although working now, will fail with an exception in future. To find the originator of the call, set the log level for logger "oracle.mds.transkey" to FINEST. Note that the ADF framework manages the MDS session created for the request so an explicit call to flushChanges should be removed.> 
<Aug 2, 2017 2:47:13 PM UTC> <Warning> <oracle.mds> <BEA-000000> <The MDS session was created by the ADF framework with a transaction key for its "single flush" feature, and the call to flushChanges is restricted to that framework. This call does not use that transaction key and although working now, will fail with an exception in future. To find the originator of the call, set the log level for logger "oracle.mds.transkey" to FINEST. Note that the ADF framework manages the MDS session created for the request so an explicit call to flushChanges should be removed.> 
<Aug 2, 2017 2:47:13 PM UTC> <Warning> <oracle.mds> <BEA-000000> <The MDS session was created by the ADF framework with a transaction key for its "single flush" feature, and the call to flushChanges is restricted to that framework. This call does not use that transaction key and although working now, will fail with an exception in future. To find the originator of the call, set the log level for logger "oracle.mds.transkey" to FINEST. Note that the ADF framework manages the MDS session created for the request so an explicit call to flushChanges should be removed.> 
<Aug 2, 2017 2:47:28 PM UTC> <Warning> <oracle.mds> <BEA-000000> <The MDS session was created by the ADF framework with a transaction key for its "single flush" feature, and the call to flushChanges is restricted to that framework. This call does not use that transaction key and although working now, will fail with an exception in future. To find the originator of the call, set the log level for logger "oracle.mds.transkey" to FINEST. Note that the ADF framework manages the MDS session created for the request so an explicit call to flushChanges should be removed.> 
<Aug 2, 2017 2:47:28 PM UTC> <Warning> <oracle.mds> <BEA-000000> <The MDS session was created by the ADF framework with a transaction key for its "single flush" feature, and the call to flushChanges is restricted to that framework. This call does not use that transaction key and although working now, will fail with an exception in future. To find the originator of the call, set the log level for logger "oracle.mds.transkey" to FINEST. Note that the ADF framework manages the MDS session created for the request so an explicit call to flushChanges should be removed.> 
<Aug 2, 2017 2:47:43 PM UTC> <Warning> <oracle.mds> <BEA-000000> <The MDS session was created by the ADF framework with a transaction key for its "single flush" feature, and the call to flushChanges is restricted to that framework. This call does not use that transaction key and although working now, will fail with an exception in future. To find the originator of the call, set the log level for logger "oracle.mds.transkey" to FINEST. Note that the ADF framework manages the MDS session created for the request so an explicit call to flushChanges should be removed.> 
<Aug 2, 2017 2:47:44 PM UTC> <Warning> <oracle.mds> <BEA-000000> <The MDS session was created by the ADF framework with a transaction key for its "single flush" feature, and the call to flushChanges is restricted to that framework. This call does not use that transaction key and although working now, will fail with an exception in future. To find the originator of the call, set the log level for logger "oracle.mds.transkey" to FINEST. Note that the ADF framework manages the MDS session created for the request so an explicit call to flushChanges should be removed.> 
<Aug 2, 2017 2:47:58 PM UTC> <Warning> <oracle.mds> <BEA-000000> <The MDS session was created by the ADF framework with a transaction key for its "single flush" feature, and the call to flushChanges is restricted to that framework. This call does not use that transaction key and although working now, will fail with an exception in future. To find the originator of the call, set the log level for logger "oracle.mds.transkey" to FINEST. Note that the ADF framework manages the MDS session created for the request so an explicit call to flushChanges should be removed.> 
<Aug 2, 2017 2:47:58 PM UTC> <Warning> <oracle.mds> <BEA-000000> <The MDS session was created by the ADF framework with a transaction key for its "single flush" feature, and the call to flushChanges is restricted to that framework. This call does not use that transaction key and although working now, will fail with an exception in future. To find the originator of the call, set the log level for logger "oracle.mds.transkey" to FINEST. Note that the ADF framework manages the MDS session created for the request so an explicit call to flushChanges should be removed.> 
<Aug 2, 2017 2:48:13 PM UTC> <Warning> <oracle.mds> <BEA-000000> <The MDS session was created by the ADF framework with a transaction key for its "single flush" feature, and the call to flushChanges is restricted to that framework. This call does not use that transaction key and although working now, will fail with an exception in future. To find the originator of the call, set the log level for logger "oracle.mds.transkey" to FINEST. Note that the ADF framework manages the MDS session created for the request so an explicit call to flushChanges should be removed.> 
<Aug 2, 2017 2:48:13 PM UTC> <Warning> <oracle.mds> <BEA-000000> <The MDS session was created by the ADF framework with a transaction key for its "single flush" feature, and the call to flushChanges is restricted to that framework. This call does not use that transaction key and although working now, will fail with an exception in future. To find the originator of the call, set the log level for logger "oracle.mds.transkey" to FINEST. Note that the ADF framework manages the MDS session created for the request so an explicit call to flushChanges should be removed.> 
<Aug 2, 2017 2:48:28 PM UTC> <Warning> <oracle.mds> <BEA-000000> <The MDS session was created by the ADF framework with a transaction key for its "single flush" feature, and the call to flushChanges is restricted to that framework. This call does not use that transaction key and although working now, will fail with an exception in future. To find the originator of the call, set the log level for logger "oracle.mds.transkey" to FINEST. Note that the ADF framework manages the MDS session created for the request so an explicit call to flushChanges should be removed.> 
<Aug 2, 2017 2:48:28 PM UTC> <Warning> <oracle.mds> <BEA-000000> <The MDS session was created by the ADF framework with a transaction key for its "single flush" feature, and the call to flushChanges is restricted to that framework. This call does not use that transaction key and although working now, will fail with an exception in future. To find the originator of the call, set the log level for logger "oracle.mds.transkey" to FINEST. Note that the ADF framework manages the MDS session created for the request so an explicit call to flushChanges should be removed.> 
<Aug 2, 2017 2:48:43 PM UTC> <Warning> <oracle.mds> <BEA-000000> <The MDS session was created by the ADF framework with a transaction key for its "single flush" feature, and the call to flushChanges is restricted to that framework. This call does not use that transaction key and although working now, will fail with an exception in future. To find the originator of the call, set the log level for logger "oracle.mds.transkey" to FINEST. Note that the ADF framework manages the MDS session created for the request so an explicit call to flushChanges should be removed.> 
<Aug 2, 2017 2:48:43 PM UTC> <Warning> <oracle.mds> <BEA-000000> <The MDS session was created by the ADF framework with a transaction key for its "single flush" feature, and the call to flushChanges is restricted to that framework. This call does not use that transaction key and although working now, will fail with an exception in future. To find the originator of the call, set the log level for logger "oracle.mds.transkey" to FINEST. Note that the ADF framework manages the MDS session created for the request so an explicit call to flushChanges should be removed.> 
<Aug 2, 2017 2:48:58 PM UTC> <Warning> <oracle.mds> <BEA-000000> <The MDS session was created by the ADF framework with a transaction key for its "single flush" feature, and the call to flushChanges is restricted to that framework. This call does not use that transaction key and although working now, will fail with an exception in future. To find the originator of the call, set the log level for logger "oracle.mds.transkey" to FINEST. Note that the ADF framework manages the MDS session created for the request so an explicit call to flushChanges should be removed.> 
<Aug 2, 2017 2:48:58 PM UTC> <Warning> <oracle.mds> <BEA-000000> <The MDS session was created by the ADF framework with a transaction key for its "single flush" feature, and the call to flushChanges is restricted to that framework. This call does not use that transaction key and although working now, will fail with an exception in future. To find the originator of the call, set the log level for logger "oracle.mds.transkey" to FINEST. Note that the ADF framework manages the MDS session created for the request so an explicit call to flushChanges should be removed.> 
<Aug 2, 2017 2:49:13 PM UTC> <Warning> <oracle.mds> <BEA-000000> <The MDS session was created by the ADF framework with a transaction key for its "single flush" feature, and the call to flushChanges is restricted to that framework. This call does not use that transaction key and although working now, will fail with an exception in future. To find the originator of the call, set the log level for logger "oracle.mds.transkey" to FINEST. Note that the ADF framework manages the MDS session created for the request so an explicit call to flushChanges should be removed.> 
<Aug 2, 2017 2:49:13 PM UTC> <Warning> <oracle.mds> <BEA-000000> <The MDS session was created by the ADF framework with a transaction key for its "single flush" feature, and the call to flushChanges is restricted to that framework. This call does not use that transaction key and although working now, will fail with an exception in future. To find the originator of the call, set the log level for logger "oracle.mds.transkey" to FINEST. Note that the ADF framework manages the MDS session created for the request so an explicit call to flushChanges should be removed.> 
<Aug 2, 2017 2:49:28 PM UTC> <Warning> <oracle.mds> <BEA-000000> <The MDS session was created by the ADF framework with a transaction key for its "single flush" feature, and the call to flushChanges is restricted to that framework. This call does not use that transaction key and although working now, will fail with an exception in future. To find the originator of the call, set the log level for logger "oracle.mds.transkey" to FINEST. Note that the ADF framework manages the MDS session created for the request so an explicit call to flushChanges should be removed.> 
<Aug 2, 2017 2:49:28 PM UTC> <Warning> <oracle.mds> <BEA-000000> <The MDS session was created by the ADF framework with a transaction key for its "single flush" feature, and the call to flushChanges is restricted to that framework. This call does not use that transaction key and although working now, will fail with an exception in future. To find the originator of the call, set the log level for logger "oracle.mds.transkey" to FINEST. Note that the ADF framework manages the MDS session created for the request so an explicit call to flushChanges should be removed.> 
<Aug 2, 2017 2:49:43 PM UTC> <Warning> <oracle.mds> <BEA-000000> <The MDS session was created by the ADF framework with a transaction key for its "single flush" feature, and the call to flushChanges is restricted to that framework. This call does not use that transaction key and although working now, will fail with an exception in future. To find the originator of the call, set the log level for logger "oracle.mds.transkey" to FINEST. Note that the ADF framework manages the MDS session created for the request so an explicit call to flushChanges should be removed.> 
<Aug 2, 2017 2:49:43 PM UTC> <Warning> <oracle.mds> <BEA-000000> <The MDS session was created by the ADF framework with a transaction key for its "single flush" feature, and the call to flushChanges is restricted to that framework. This call does not use that transaction key and although working now, will fail with an exception in future. To find the originator of the call, set the log level for logger "oracle.mds.transkey" to FINEST. Note that the ADF framework manages the MDS session created for the request so an explicit call to flushChanges should be removed.> 
<Aug 2, 2017 2:49:58 PM UTC> <Warning> <oracle.mds> <BEA-000000> <The MDS session was created by the ADF framework with a transaction key for its "single flush" feature, and the call to flushChanges is restricted to that framework. This call does not use that transaction key and although working now, will fail with an exception in future. To find the originator of the call, set the log level for logger "oracle.mds.transkey" to FINEST. Note that the ADF framework manages the MDS session created for the request so an explicit call to flushChanges should be removed.> 
<Aug 2, 2017 2:49:58 PM UTC> <Warning> <oracle.mds> <BEA-000000> <The MDS session was created by the ADF framework with a transaction key for its "single flush" feature, and the call to flushChanges is restricted to that framework. This call does not use that transaction key and although working now, will fail with an exception in future. To find the originator of the call, set the log level for logger "oracle.mds.transkey" to FINEST. Note that the ADF framework manages the MDS session created for the request so an explicit call to flushChanges should be removed.> 
<Aug 2, 2017 2:50:13 PM UTC> <Warning> <oracle.mds> <BEA-000000> <The MDS session was created by the ADF framework with a transaction key for its "single flush" feature, and the call to flushChanges is restricted to that framework. This call does not use that transaction key and although working now, will fail with an exception in future. To find the originator of the call, set the log level for logger "oracle.mds.transkey" to FINEST. Note that the ADF framework manages the MDS session created for the request so an explicit call to flushChanges should be removed.> 
<Aug 2, 2017 2:50:13 PM UTC> <Warning> <oracle.mds> <BEA-000000> <The MDS session was created by the ADF framework with a transaction key for its "single flush" feature, and the call to flushChanges is restricted to that framework. This call does not use that transaction key and although working now, will fail with an exception in future. To find the originator of the call, set the log level for logger "oracle.mds.transkey" to FINEST. Note that the ADF framework manages the MDS session created for the request so an explicit call to flushChanges should be removed.> 
<Aug 2, 2017 2:50:28 PM UTC> <Warning> <oracle.mds> <BEA-000000> <The MDS session was created by the ADF framework with a transaction key for its "single flush" feature, and the call to flushChanges is restricted to that framework. This call does not use that transaction key and although working now, will fail with an exception in future. To find the originator of the call, set the log level for logger "oracle.mds.transkey" to FINEST. Note that the ADF framework manages the MDS session created for the request so an explicit call to flushChanges should be removed.> 
<Aug 2, 2017 2:50:28 PM UTC> <Warning> <oracle.mds> <BEA-000000> <The MDS session was created by the ADF framework with a transaction key for its "single flush" feature, and the call to flushChanges is restricted to that framework. This call does not use that transaction key and although working now, will fail with an exception in future. To find the originator of the call, set the log level for logger "oracle.mds.transkey" to FINEST. Note that the ADF framework manages the MDS session created for the request so an explicit call to flushChanges should be removed.> 
<Aug 2, 2017 2:50:43 PM UTC> <Warning> <oracle.mds> <BEA-000000> <The MDS session was created by the ADF framework with a transaction key for its "single flush" feature, and the call to flushChanges is restricted to that framework. This call does not use that transaction key and although working now, will fail with an exception in future. To find the originator of the call, set the log level for logger "oracle.mds.transkey" to FINEST. Note that the ADF framework manages the MDS session created for the request so an explicit call to flushChanges should be removed.> 
<Aug 2, 2017 2:50:43 PM UTC> <Warning> <oracle.mds> <BEA-000000> <The MDS session was created by the ADF framework with a transaction key for its "single flush" feature, and the call to flushChanges is restricted to that framework. This call does not use that transaction key and although working now, will fail with an exception in future. To find the originator of the call, set the log level for logger "oracle.mds.transkey" to FINEST. Note that the ADF framework manages the MDS session created for the request so an explicit call to flushChanges should be removed.> 
<Aug 2, 2017 2:50:58 PM UTC> <Warning> <oracle.mds> <BEA-000000> <The MDS session was created by the ADF framework with a transaction key for its "single flush" feature, and the call to flushChanges is restricted to that framework. This call does not use that transaction key and although working now, will fail with an exception in future. To find the originator of the call, set the log level for logger "oracle.mds.transkey" to FINEST. Note that the ADF framework manages the MDS session created for the request so an explicit call to flushChanges should be removed.> 
<Aug 2, 2017 2:50:58 PM UTC> <Warning> <oracle.mds> <BEA-000000> <The MDS session was created by the ADF framework with a transaction key for its "single flush" feature, and the call to flushChanges is restricted to that framework. This call does not use that transaction key and although working now, will fail with an exception in future. To find the originator of the call, set the log level for logger "oracle.mds.transkey" to FINEST. Note that the ADF framework manages the MDS session created for the request so an explicit call to flushChanges should be removed.> 
<Aug 2, 2017 2:51:13 PM UTC> <Warning> <oracle.mds> <BEA-000000> <The MDS session was created by the ADF framework with a transaction key for its "single flush" feature, and the call to flushChanges is restricted to that framework. This call does not use that transaction key and although working now, will fail with an exception in future. To find the originator of the call, set the log level for logger "oracle.mds.transkey" to FINEST. Note that the ADF framework manages the MDS session created for the request so an explicit call to flushChanges should be removed.> 
<Aug 2, 2017 2:51:13 PM UTC> <Warning> <oracle.mds> <BEA-000000> <The MDS session was created by the ADF framework with a transaction key for its "single flush" feature, and the call to flushChanges is restricted to that framework. This call does not use that transaction key and although working now, will fail with an exception in future. To find the originator of the call, set the log level for logger "oracle.mds.transkey" to FINEST. Note that the ADF framework manages the MDS session created for the request so an explicit call to flushChanges should be removed.> 
<Aug 2, 2017 2:51:28 PM UTC> <Warning> <oracle.mds> <BEA-000000> <The MDS session was created by the ADF framework with a transaction key for its "single flush" feature, and the call to flushChanges is restricted to that framework. This call does not use that transaction key and although working now, will fail with an exception in future. To find the originator of the call, set the log level for logger "oracle.mds.transkey" to FINEST. Note that the ADF framework manages the MDS session created for the request so an explicit call to flushChanges should be removed.> 
<Aug 2, 2017 2:51:28 PM UTC> <Warning> <oracle.mds> <BEA-000000> <The MDS session was created by the ADF framework with a transaction key for its "single flush" feature, and the call to flushChanges is restricted to that framework. This call does not use that transaction key and although working now, will fail with an exception in future. To find the originator of the call, set the log level for logger "oracle.mds.transkey" to FINEST. Note that the ADF framework manages the MDS session created for the request so an explicit call to flushChanges should be removed.> 
<Aug 2, 2017 2:51:43 PM UTC> <Warning> <oracle.mds> <BEA-000000> <The MDS session was created by the ADF framework with a transaction key for its "single flush" feature, and the call to flushChanges is restricted to that framework. This call does not use that transaction key and although working now, will fail with an exception in future. To find the originator of the call, set the log level for logger "oracle.mds.transkey" to FINEST. Note that the ADF framework manages the MDS session created for the request so an explicit call to flushChanges should be removed.> 
<Aug 2, 2017 2:51:43 PM UTC> <Warning> <oracle.mds> <BEA-000000> <The MDS session was created by the ADF framework with a transaction key for its "single flush" feature, and the call to flushChanges is restricted to that framework. This call does not use that transaction key and although working now, will fail with an exception in future. To find the originator of the call, set the log level for logger "oracle.mds.transkey" to FINEST. Note that the ADF framework manages the MDS session created for the request so an explicit call to flushChanges should be removed.> 
<Aug 2, 2017 2:51:58 PM UTC> <Warning> <oracle.mds> <BEA-000000> <The MDS session was created by the ADF framework with a transaction key for its "single flush" feature, and the call to flushChanges is restricted to that framework. This call does not use that transaction key and although working now, will fail with an exception in future. To find the originator of the call, set the log level for logger "oracle.mds.transkey" to FINEST. Note that the ADF framework manages the MDS session created for the request so an explicit call to flushChanges should be removed.> 
<Aug 2, 2017 2:51:58 PM UTC> <Warning> <oracle.mds> <BEA-000000> <The MDS session was created by the ADF framework with a transaction key for its "single flush" feature, and the call to flushChanges is restricted to that framework. This call does not use that transaction key and although working now, will fail with an exception in future. To find the originator of the call, set the log level for logger "oracle.mds.transkey" to FINEST. Note that the ADF framework manages the MDS session created for the request so an explicit call to flushChanges should be removed.> 
<Aug 2, 2017 2:52:13 PM UTC> <Warning> <oracle.mds> <BEA-000000> <The MDS session was created by the ADF framework with a transaction key for its "single flush" feature, and the call to flushChanges is restricted to that framework. This call does not use that transaction key and although working now, will fail with an exception in future. To find the originator of the call, set the log level for logger "oracle.mds.transkey" to FINEST. Note that the ADF framework manages the MDS session created for the request so an explicit call to flushChanges should be removed.> 
<Aug 2, 2017 2:52:13 PM UTC> <Warning> <oracle.mds> <BEA-000000> <The MDS session was created by the ADF framework with a transaction key for its "single flush" feature, and the call to flushChanges is restricted to that framework. This call does not use that transaction key and although working now, will fail with an exception in future. To find the originator of the call, set the log level for logger "oracle.mds.transkey" to FINEST. Note that the ADF framework manages the MDS session created for the request so an explicit call to flushChanges should be removed.> 
<Aug 2, 2017 2:52:28 PM UTC> <Warning> <oracle.mds> <BEA-000000> <The MDS session was created by the ADF framework with a transaction key for its "single flush" feature, and the call to flushChanges is restricted to that framework. This call does not use that transaction key and although working now, will fail with an exception in future. To find the originator of the call, set the log level for logger "oracle.mds.transkey" to FINEST. Note that the ADF framework manages the MDS session created for the request so an explicit call to flushChanges should be removed.> 
<Aug 2, 2017 2:52:28 PM UTC> <Warning> <oracle.mds> <BEA-000000> <The MDS session was created by the ADF framework with a transaction key for its "single flush" feature, and the call to flushChanges is restricted to that framework. This call does not use that transaction key and although working now, will fail with an exception in future. To find the originator of the call, set the log level for logger "oracle.mds.transkey" to FINEST. Note that the ADF framework manages the MDS session created for the request so an explicit call to flushChanges should be removed.> 
<Aug 2, 2017 2:52:43 PM UTC> <Warning> <oracle.mds> <BEA-000000> <The MDS session was created by the ADF framework with a transaction key for its "single flush" feature, and the call to flushChanges is restricted to that framework. This call does not use that transaction key and although working now, will fail with an exception in future. To find the originator of the call, set the log level for logger "oracle.mds.transkey" to FINEST. Note that the ADF framework manages the MDS session created for the request so an explicit call to flushChanges should be removed.> 
<Aug 2, 2017 2:52:43 PM UTC> <Warning> <oracle.mds> <BEA-000000> <The MDS session was created by the ADF framework with a transaction key for its "single flush" feature, and the call to flushChanges is restricted to that framework. This call does not use that transaction key and although working now, will fail with an exception in future. To find the originator of the call, set the log level for logger "oracle.mds.transkey" to FINEST. Note that the ADF framework manages the MDS session created for the request so an explicit call to flushChanges should be removed.> 
<Aug 2, 2017 2:52:58 PM UTC> <Warning> <oracle.mds> <BEA-000000> <The MDS session was created by the ADF framework with a transaction key for its "single flush" feature, and the call to flushChanges is restricted to that framework. This call does not use that transaction key and although working now, will fail with an exception in future. To find the originator of the call, set the log level for logger "oracle.mds.transkey" to FINEST. Note that the ADF framework manages the MDS session created for the request so an explicit call to flushChanges should be removed.> 
<Aug 2, 2017 2:52:58 PM UTC> <Warning> <oracle.mds> <BEA-000000> <The MDS session was created by the ADF framework with a transaction key for its "single flush" feature, and the call to flushChanges is restricted to that framework. This call does not use that transaction key and although working now, will fail with an exception in future. To find the originator of the call, set the log level for logger "oracle.mds.transkey" to FINEST. Note that the ADF framework manages the MDS session created for the request so an explicit call to flushChanges should be removed.> 
<Aug 2, 2017 2:53:13 PM UTC> <Warning> <oracle.mds> <BEA-000000> <The MDS session was created by the ADF framework with a transaction key for its "single flush" feature, and the call to flushChanges is restricted to that framework. This call does not use that transaction key and although working now, will fail with an exception in future. To find the originator of the call, set the log level for logger "oracle.mds.transkey" to FINEST. Note that the ADF framework manages the MDS session created for the request so an explicit call to flushChanges should be removed.> 
<Aug 2, 2017 2:53:13 PM UTC> <Warning> <oracle.mds> <BEA-000000> <The MDS session was created by the ADF framework with a transaction key for its "single flush" feature, and the call to flushChanges is restricted to that framework. This call does not use that transaction key and although working now, will fail with an exception in future. To find the originator of the call, set the log level for logger "oracle.mds.transkey" to FINEST. Note that the ADF framework manages the MDS session created for the request so an explicit call to flushChanges should be removed.> 
<Aug 2, 2017 2:53:28 PM UTC> <Warning> <oracle.mds> <BEA-000000> <The MDS session was created by the ADF framework with a transaction key for its "single flush" feature, and the call to flushChanges is restricted to that framework. This call does not use that transaction key and although working now, will fail with an exception in future. To find the originator of the call, set the log level for logger "oracle.mds.transkey" to FINEST. Note that the ADF framework manages the MDS session created for the request so an explicit call to flushChanges should be removed.> 
<Aug 2, 2017 2:53:29 PM UTC> <Warning> <oracle.mds> <BEA-000000> <The MDS session was created by the ADF framework with a transaction key for its "single flush" feature, and the call to flushChanges is restricted to that framework. This call does not use that transaction key and although working now, will fail with an exception in future. To find the originator of the call, set the log level for logger "oracle.mds.transkey" to FINEST. Note that the ADF framework manages the MDS session created for the request so an explicit call to flushChanges should be removed.> 
<Aug 2, 2017 2:53:43 PM UTC> <Warning> <oracle.mds> <BEA-000000> <The MDS session was created by the ADF framework with a transaction key for its "single flush" feature, and the call to flushChanges is restricted to that framework. This call does not use that transaction key and although working now, will fail with an exception in future. To find the originator of the call, set the log level for logger "oracle.mds.transkey" to FINEST. Note that the ADF framework manages the MDS session created for the request so an explicit call to flushChanges should be removed.> 
<Aug 2, 2017 2:53:43 PM UTC> <Warning> <oracle.mds> <BEA-000000> <The MDS session was created by the ADF framework with a transaction key for its "single flush" feature, and the call to flushChanges is restricted to that framework. This call does not use that transaction key and although working now, will fail with an exception in future. To find the originator of the call, set the log level for logger "oracle.mds.transkey" to FINEST. Note that the ADF framework manages the MDS session created for the request so an explicit call to flushChanges should be removed.> 
<Aug 2, 2017 2:53:58 PM UTC> <Warning> <oracle.mds> <BEA-000000> <The MDS session was created by the ADF framework with a transaction key for its "single flush" feature, and the call to flushChanges is restricted to that framework. This call does not use that transaction key and although working now, will fail with an exception in future. To find the originator of the call, set the log level for logger "oracle.mds.transkey" to FINEST. Note that the ADF framework manages the MDS session created for the request so an explicit call to flushChanges should be removed.> 
<Aug 2, 2017 2:53:58 PM UTC> <Warning> <oracle.mds> <BEA-000000> <The MDS session was created by the ADF framework with a transaction key for its "single flush" feature, and the call to flushChanges is restricted to that framework. This call does not use that transaction key and although working now, will fail with an exception in future. To find the originator of the call, set the log level for logger "oracle.mds.transkey" to FINEST. Note that the ADF framework manages the MDS session created for the request so an explicit call to flushChanges should be removed.> 
<Aug 2, 2017 2:54:13 PM UTC> <Warning> <oracle.mds> <BEA-000000> <The MDS session was created by the ADF framework with a transaction key for its "single flush" feature, and the call to flushChanges is restricted to that framework. This call does not use that transaction key and although working now, will fail with an exception in future. To find the originator of the call, set the log level for logger "oracle.mds.transkey" to FINEST. Note that the ADF framework manages the MDS session created for the request so an explicit call to flushChanges should be removed.> 
<Aug 2, 2017 2:54:13 PM UTC> <Warning> <oracle.mds> <BEA-000000> <The MDS session was created by the ADF framework with a transaction key for its "single flush" feature, and the call to flushChanges is restricted to that framework. This call does not use that transaction key and although working now, will fail with an exception in future. To find the originator of the call, set the log level for logger "oracle.mds.transkey" to FINEST. Note that the ADF framework manages the MDS session created for the request so an explicit call to flushChanges should be removed.> 
<Aug 2, 2017 2:54:28 PM UTC> <Warning> <oracle.mds> <BEA-000000> <The MDS session was created by the ADF framework with a transaction key for its "single flush" feature, and the call to flushChanges is restricted to that framework. This call does not use that transaction key and although working now, will fail with an exception in future. To find the originator of the call, set the log level for logger "oracle.mds.transkey" to FINEST. Note that the ADF framework manages the MDS session created for the request so an explicit call to flushChanges should be removed.> 
<Aug 2, 2017 2:54:28 PM UTC> <Warning> <oracle.mds> <BEA-000000> <The MDS session was created by the ADF framework wi<Aug 2, 2017 3:34:05 PM UTC> <Notice> <LoggingService> <BEA-320400> <The log file /scratch/aime/work/CLOUDTOP/Middleware/user_projects/domains/dc_domain/servers/AdminServer/logs/dc_domain.log will be rotated. Reopen the log file if tailing has stopped. This can happen on some platforms like Windows.> 
<Aug 2, 2017 3:34:05 PM UTC> <Notice> <LoggingService> <BEA-320401> <The log file has been rotated to /scratch/aime/work/CLOUDTOP/Middleware/user_projects/domains/dc_domain/servers/AdminServer/logs/dc_domain.log01025. Log messages will continue to be logged in /scratch/aime/work/CLOUDTOP/Middleware/user_projects/domains/dc_domain/servers/AdminServer/logs/dc_domain.log.> 
<Aug 2, 2017 4:39:50 PM UTC> <Notice> <LoggingService> <BEA-320400> <The log file /scratch/aime/work/CLOUDTOP/Middleware/user_projects/domains/dc_domain/servers/AdminServer/logs/dc_domain.log will be rotated. Reopen the log file if tailing has stopped. This can happen on some platforms like Windows.> 
<Aug 2, 2017 4:39:50 PM UTC> <Notice> <LoggingService> <BEA-320401> <The log file has been rotated to /scratch/aime/work/CLOUDTOP/Middleware/user_projects/domains/dc_domain/servers/AdminServer/logs/dc_domain.log01026. Log messages will continue to be logged in /scratch/aime/work/CLOUDTOP/Middleware/user_projects/domains/dc_domain/servers/AdminServer/logs/dc_domain.log.> 
<Aug 2, 2017 5:37:22 PM UTC> <Notice> <LoggingService> <BEA-320400> <The log file /scratch/aime/work/CLOUDTOP/Middleware/user_projects/domains/dc_domain/servers/AdminServer/logs/dc_domain.log will be rotated. Reopen the log file if tailing has stopped. This can happen on some platforms like Windows.> 
<Aug 2, 2017 5:37:22 PM UTC> <Notice> <LoggingService> <BEA-320401> <The log file has been rotated to /scratch/aime/work/CLOUDTOP/Middleware/user_projects/domains/dc_domain/servers/AdminServer/logs/dc_domain.log01027. Log messages will continue to be logged in /scratch/aime/work/CLOUDTOP/Middleware/user_projects/domains/dc_domain/servers/AdminServer/logs/dc_domain.log.> 
<Aug 2, 2017 6:35:46 PM UTC> <Notice> <LoggingService> <BEA-320400> <The log file /scratch/aime/work/CLOUDTOP/Middleware/user_projects/domains/dc_domain/servers/AdminServer/logs/dc_domain.log will be rotated. Reopen the log file if tailing has stopped. This can happen on some platforms like Windows.> 
<Aug 2, 2017 6:35:46 PM UTC> <Notice> <LoggingService> <BEA-320401> <The log file has been rotated to /scratch/aime/work/CLOUDTOP/Middleware/user_projects/domains/dc_domain/servers/AdminServer/logs/dc_domain.log01028. Log messages will continue to be logged in /scratch/aime/work/CLOUDTOP/Middleware/user_projects/domains/dc_domain/servers/AdminServer/logs/dc_domain.log.> 
<Aug 2, 2017 7:35:16 PM UTC> <Notice> <LoggingService> <BEA-320400> <The log file /scratch/aime/work/CLOUDTOP/Middleware/user_projects/domains/dc_domain/servers/AdminServer/logs/dc_domain.log will be rotated. Reopen the log file if tailing has stopped. This can happen on some platforms like Windows.> 
<Aug 2, 2017 7:35:16 PM UTC> <Notice> <LoggingService> <BEA-320401> <The log file has been rotated to /scratch/aime/work/CLOUDTOP/Middleware/user_projects/domains/dc_domain/servers/AdminServer/logs/dc_domain.log01029. Log messages will continue to be logged in /scratch/aime/work/CLOUDTOP/Middleware/user_projects/domains/dc_domain/servers/AdminServer/logs/dc_domain.log.> 
<Aug 2, 2017 8:34:48 PM UTC> <Notice> <LoggingService> <BEA-320400> <The log file /scratch/aime/work/CLOUDTOP/Middleware/user_projects/domains/dc_domain/servers/AdminServer/logs/dc_domain.log will be rotated. Reopen the log file if tailing has stopped. This can happen on some platforms like Windows.> 
<Aug 2, 2017 8:34:48 PM UTC> <Notice> <LoggingService> <BEA-320401> <The log file has been rotated to /scratch/aime/work/CLOUDTOP/Middleware/user_projects/domains/dc_domain/servers/AdminServer/logs/dc_domain.log01030. Log messages will continue to be logged in /scratch/aime/work/CLOUDTOP/Middleware/user_projects/domains/dc_domain/servers/AdminServer/logs/dc_domain.log.> 
<Aug 2, 2017 9:34:01 PM UTC> <Notice> <LoggingService> <BEA-320400> <The log file /scratch/aime/work/CLOUDTOP/Middleware/user_projects/domains/dc_domain/servers/AdminServer/logs/dc_domain.log will be rotated. Reopen the log file if tailing has stopped. This can happen on some platforms like Windows.> 
<Aug 2, 2017 9:34:01 PM UTC> <Notice> <LoggingService> <BEA-320401> <The log file has been rotated to /scratch/aime/work/CLOUDTOP/Middleware/user_projects/domains/dc_domain/servers/AdminServer/logs/dc_domain.log01031. Log messages will continue to be logged in /scratch/aime/work/CLOUDTOP/Middleware/user_projects/domains/dc_domain/servers/AdminServer/logs/dc_domain.log.> 
<Aug 2, 2017 10:32:21 PM UTC> <Notice> <LoggingService> <BEA-320400> <The log file /scratch/aime/work/CLOUDTOP/Middleware/user_projects/domains/dc_domain/servers/AdminServer/logs/dc_domain.log will be rotated. Reopen the log file if tailing has stopped. This can happen on some platforms like Windows.> 
<Aug 2, 2017 10:32:21 PM UTC> <Notice> <LoggingService> <BEA-320401> <The log file has been rotated to /scratch/aime/work/CLOUDTOP/Middleware/user_projects/domains/dc_domain/servers/AdminServer/logs/dc_domain.log01032. Log messages will continue to be logged in /scratch/aime/work/CLOUDTOP/Middleware/user_projects/domains/dc_domain/servers/AdminServer/logs/dc_domain.log.> 
<Aug 2, 2017 11:31:26 PM UTC> <Notice> <LoggingService> <BEA-320400> <The log file /scratch/aime/work/CLOUDTOP/Middleware/user_projects/domains/dc_domain/servers/AdminServer/logs/dc_domain.log will be rotated. Reopen the log file if tailing has stopped. This can happen on some platforms like Windows.> 
<Aug 2, 2017 11:31:26 PM UTC> <Notice> <LoggingService> <BEA-320401> <The log file has been rotated to /scratch/aime/work/CLOUDTOP/Middleware/user_projects/domains/dc_domain/servers/AdminServer/logs/dc_domain.log01033. Log messages will continue to be logged in /scratch/aime/work/CLOUDTOP/Middleware/user_projects/domains/dc_domain/servers/AdminServer/logs/dc_domain.log.> 
<Aug 3, 2017 12:31:20 AM UTC> <Notice> <LoggingService> <BEA-320400> <The log file /scratch/aime/work/CLOUDTOP/Middleware/user_projects/domains/dc_domain/servers/AdminServer/logs/dc_domain.log will be rotated. Reopen the log file if tailing has stopped. This can happen on some platforms like Windows.> 
<Aug 3, 2017 12:31:20 AM UTC> <Notice> <LoggingService> <BEA-320401> <The log file has been rotated to /scratch/aime/work/CLOUDTOP/Middleware/user_projects/domains/dc_domain/servers/AdminServer/logs/dc_domain.log01034. Log messages will continue to be logged in /scratch/aime/work/CLOUDTOP/Middleware/user_projects/domains/dc_domain/servers/AdminServer/logs/dc_domain.log.> 
<Aug 3, 2017 1:28:41 AM UTC> <Notice> <LoggingService> <BEA-320400> <The log file /scratch/aime/work/CLOUDTOP/Middleware/user_projects/domains/dc_domain/servers/AdminServer/logs/dc_domain.log will be rotated. Reopen the log file if tailing has stopped. This can happen on some platforms like Windows.> 
<Aug 3, 2017 1:28:41 AM UTC> <Notice> <LoggingService> <BEA-320401> <The log file has been rotated to /scratch/aime/work/CLOUDTOP/Middleware/user_projects/domains/dc_domain/servers/AdminServer/logs/dc_domain.log01035. Log messages will continue to be logged in /scratch/aime/work/CLOUDTOP/Middleware/user_projects/domains/dc_domain/servers/AdminServer/logs/dc_domain.log.> 
<Aug 3, 2017 2:26:21 AM UTC> <Notice> <LoggingService> <BEA-320400> <The log file /scratch/aime/work/CLOUDTOP/Middleware/user_projects/domains/dc_domain/servers/AdminServer/logs/dc_domain.log will be rotated. Reopen the log file if tailing has stopped. This can happen on some platforms like Windows.> 
<Aug 3, 2017 2:26:21 AM UTC> <Notice> <LoggingService> <BEA-320401> <The log file has been rotated to /scratch/aime/work/CLOUDTOP/Middleware/user_projects/domains/dc_domain/servers/AdminServer/logs/dc_domain.log01036. Log messages will continue to be logged in /scratch/aime/work/CLOUDTOP/Middleware/user_projects/domains/dc_domain/servers/AdminServer/logs/dc_domain.log.> 
<Aug 3, 2017 3:25:19 AM UTC> <Notice> <LoggingService> <BEA-320400> <The log file /scratch/aime/work/CLOUDTOP/Middleware/user_projects/domains/dc_domain/servers/AdminServer/logs/dc_domain.log will be rotated. Reopen the log file if tailing has stopped. This can happen on some platforms like Windows.> 
<Aug 3, 2017 3:25:19 AM UTC> <Notice> <LoggingService> <BEA-320401> <The log file has been rotated to /scratch/aime/work/CLOUDTOP/Middleware/user_projects/domains/dc_domain/servers/AdminServer/logs/dc_domain.log01037. Log messages will continue to be logged in /scratch/aime/work/CLOUDTOP/Middleware/user_projects/domains/dc_domain/servers/AdminServer/logs/dc_domain.log.> 
<Aug 3, 2017 4:23:09 AM UTC> <Notice> <LoggingService> <BEA-320400> <The log file /scratch/aime/work/CLOUDTOP/Middleware/user_projects/domains/dc_domain/servers/AdminServer/logs/dc_domain.log will be rotated. Reopen the log file if tailing has stopped. This can happen on some platforms like Windows.> 
<Aug 3, 2017 4:23:09 AM UTC> <Notice> <LoggingService> <BEA-320401> <The log file has been rotated to /scratch/aime/work/CLOUDTOP/Middleware/user_projects/domains/dc_domain/servers/AdminServer/logs/dc_domain.log01038. Log messages will continue to be logged in /scratch/aime/work/CLOUDTOP/Middleware/user_projects/domains/dc_domain/servers/AdminServer/logs/dc_domain.log.> 
<Aug 3, 2017 5:21:24 AM UTC> <Notice> <LoggingService> <BEA-320400> <The log file /scratch/aime/work/CLOUDTOP/Middleware/user_projects/domains/dc_domain/servers/AdminServer/logs/dc_domain.log will be rotated. Reopen the log file if tailing has stopped. This can happen on some platforms like Windows.> 
<Aug 3, 2017 5:21:24 AM UTC> <Notice> <LoggingService> <BEA-320401> <The log file has been rotated to /scratch/aime/work/CLOUDTOP/Middleware/user_projects/domains/dc_domain/servers/AdminServer/logs/dc_domain.log01039. Log messages will continue to be logged in /scratch/aime/work/CLOUDTOP/Middleware/user_projects/domains/dc_domain/servers/AdminServer/logs/dc_domain.log.> 
<Aug 3, 2017 6:18:17 AM UTC> <Notice> <LoggingService> <BEA-320400> <The log file /scratch/aime/work/CLOUDTOP/Middleware/user_projects/domains/dc_domain/servers/AdminServer/logs/dc_domain.log will be rotated. Reopen the log file<Aug 3, 2017 4:14:01 PM UTC> <Notice> <LoggingService> <BEA-320400> <The log file /scratch/aime/work/CLOUDTOP/Middleware/user_projects/domains/dc_domain/servers/AdminServer/logs/dc_domain.log will be rotated. Reopen the log file if tailing has stopped. This can happen on some platforms like Windows.> 
<Aug 3, 2017 4:14:01 PM UTC> <Notice> <LoggingService> <BEA-320401> <The log file has been rotated to /scratch/aime/work/CLOUDTOP/Middleware/user_projects/domains/dc_domain/servers/AdminServer/logs/dc_domain.log00767. Log messages will continue to be logged in /scratch/aime/work/CLOUDTOP/Middleware/user_projects/domains/dc_domain/servers/AdminServer/logs/dc_domain.log.> 
<Aug 4, 2017 3:30:22 AM UTC> <Notice> <LoggingService> <BEA-320400> <The log file /scratch/aime/work/CLOUDTOP/Middleware/user_projects/domains/dc_domain/servers/AdminServer/logs/dc_domain.log will be rotated. Reopen the log file if tailing has stopped. This can happen on some platforms like Windows.> 
<Aug 4, 2017 3:30:22 AM UTC> <Notice> <LoggingService> <BEA-320401> <The log file has been rotated to /scratch/aime/work/CLOUDTOP/Middleware/user_projects/domains/dc_domain/servers/AdminServer/logs/dc_domain.log00768. Log messages will continue to be logged in /scratch/aime/work/CLOUDTOP/Middleware/user_projects/domains/dc_domain/servers/AdminServer/logs/dc_domain.log.> 
<Aug 4, 2017 6:14:54 AM UTC> <Warning> <Socket> <BEA-000449> <Closing socket as no data read from it on 10.176.181.122:54,998 during the configured idle timeout of 5 secs> 
<Aug 4, 2017 6:14:54 AM UTC> <Warning> <Socket> <BEA-000449> <Closing socket as no data read from it on 10.176.181.122:55,001 during the configured idle timeout of 5 secs> 
<Aug 4, 2017 6:14:54 AM UTC> <Warning> <Socket> <BEA-000449> <Closing socket as no data read from it on 10.176.181.122:54,999 during the configured idle timeout of 5 secs> 
<Aug 4, 2017 6:14:54 AM UTC> <Warning> <Socket> <BEA-000449> <Closing socket as no data read from it on 10.176.181.122:55,000 during the configured idle timeout of 5 secs> 
<Aug 4, 2017 6:15:09 AM UTC> <Warning> <Socket> <BEA-000449> <Closing socket as no data read from it on 10.176.181.122:55,003 during the configured idle timeout of 5 secs> 
<Aug 4, 2017 6:15:51 AM UTC> <Warning> <JMX> <BEA-149504> <The adminstration server was unable to establish JMX Connectivity with the soa_server1 at the JMX Service URL of service:jmx:t3://slc03wel.us.oracle.com:8001/jndi/weblogic.management.mbeanservers.runtime.> 
<Aug 4, 2017 6:15:51 AM UTC> <Warning> <JMX> <BEA-149504> <The adminstration server was unable to establish JMX Connectivity with the tas_server1 at the JMX Service URL of service:jmx:t3://slc03wel.us.oracle.com:7201/jndi/weblogic.management.mbeanservers.runtime.> 
<Aug 4, 2017 6:15:54 AM UTC> <Warning> <Socket> <BEA-000449> <Closing socket as no data read from it on 10.176.181.122:55,008 during the configured idle timeout of 5 secs> 
<Aug 4, 2017 6:15:56 AM UTC> <Warning> <JMX> <BEA-149504> <The adminstration server was unable to establish JMX Connectivity with the soa_server1 at the JMX Service URL of service:jmx:t3://slc03wel.us.oracle.com:8001/jndi/weblogic.management.mbeanservers.runtime.> 
<Aug 4, 2017 6:16:00 AM UTC> <Warning> <JMX> <BEA-149504> <The adminstration server was unable to establish JMX Connectivity with the soa_server1 at the JMX Service URL of service:jmx:t3://slc03wel.us.oracle.com:8001/jndi/weblogic.management.mbeanservers.runtime.> 
<Aug 4, 2017 6:16:03 AM UTC> <Warning> <JMX> <BEA-149504> <The adminstration server was unable to establish JMX Connectivity with the soa_server1 at the JMX Service URL of service:jmx:t3://slc03wel.us.oracle.com:8001/jndi/weblogic.management.mbeanservers.runtime.> 
<Aug 4, 2017 6:16:28 AM UTC> <Alert> <WebLogicServer> <BEA-000396> <Server shutdown has been requested by <WLS Kernel>> 
<Aug 4, 2017 6:16:28 AM UTC> <Notice> <WebLogicServer> <BEA-000365> <Server state changed to FORCE_SUSPENDING> 
<Aug 4, 2017 6:16:28 AM UTC> <Notice> <WebLogicServer> <BEA-000365> <Server state changed to ADMIN> 
<Aug 4, 2017 6:16:28 AM UTC> <Notice> <WebLogicServer> <BEA-000365> <Server state changed to FORCE_SHUTTING_DOWN> 
<Aug 4, 2017 6:16:28 AM UTC> <Notice> <Server> <BEA-002607> <Channel "DefaultSecure" listening on 2606:b400:2010:6854:216:3eff:fe2c:6c84:7003 was shutdown.> 
<Aug 4, 2017 6:16:28 AM UTC> <Notice> <Server> <BEA-002607> <Channel "DefaultSecure[1]" listening on 10.245.137.216:7003 was shutdown.> 
<Aug 4, 2017 6:16:28 AM UTC> <Notice> <Server> <BEA-002607> <Channel "DefaultSecure[2]" listening on fe80:0:0:0:216:3eff:fe2c:6c84:7003 was shutdown.> 
<Aug 4, 2017 6:16:28 AM UTC> <Notice> <Server> <BEA-002607> <Channel "Default[3]" listening on 127.0.0.1:7001 was shutdown.> 
<Aug 4, 2017 6:16:28 AM UTC> <Notice> <Server> <BEA-002607> <Channel "DefaultSecure[4]" listening on 0:0:0:0:0:0:0:1:7003 was shutdown.> 
<Aug 4, 2017 6:16:28 AM UTC> <Notice> <Server> <BEA-002607> <Channel "Default[4]" listening on 0:0:0:0:0:0:0:1:7001 was shutdown.> 
<Aug 4, 2017 6:16:28 AM UTC> <Notice> <Server> <BEA-002607> <Channel "Default[2]" listening on fe80:0:0:0:216:3eff:fe2c:6c84:7001 was shutdown.> 
<Aug 4, 2017 6:16:28 AM UTC> <Notice> <Server> <BEA-002607> <Channel "Default[1]" listening on 10.245.137.216:7001 was shutdown.> 
<Aug 4, 2017 6:16:28 AM UTC> <Notice> <Server> <BEA-002607> <Channel "DefaultSecure[3]" listening on 127.0.0.1:7003 was shutdown.> 
<Aug 4, 2017 6:16:28 AM UTC> <Notice> <Server> <BEA-002607> <Channel "Default" listening on 2606:b400:2010:6854:216:3eff:fe2c:6c84:7001 was shutdown.> 
